2004.03.10 02:33 B D:\Flash\Fubar\pictures\DedriLaurenMaureen.jpg --> ftp.fubar-nyc.com /webroot/pictures DedriLaurenMaureen.jpg
2004.03.10 02:33 B D:\Flash\Fubar\pictures\FuabrPoolRoom.JPG --> ftp.fubar-nyc.com /webroot/pictures FuabrPoolRoom.JPG
2004.03.10 02:34 B D:\Flash\Fubar\pictures\FubarBackRoom.JPG --> ftp.fubar-nyc.com /webroot/pictures FubarBackRoom.JPG
2004.03.10 02:34 B D:\Flash\Fubar\pictures\FubarCrew1.jpg --> ftp.fubar-nyc.com /webroot/pictures FubarCrew1.jpg
2004.03.10 02:34 B D:\Flash\Fubar\pictures\FubarDownBar.JPG --> ftp.fubar-nyc.com /webroot/pictures FubarDownBar.JPG
2004.03.10 02:34 B D:\Flash\Fubar\pictures\FubarMissleLogo.JPG --> ftp.fubar-nyc.com /webroot/pictures FubarMissleLogo.JPG
2004.03.10 02:35 B D:\Flash\Fubar\pictures\FubarPoolDoor.JPG --> ftp.fubar-nyc.com /webroot/pictures FubarPoolDoor.JPG
2004.03.10 02:35 B D:\Flash\Fubar\pictures\JohnBrian.jpg --> ftp.fubar-nyc.com /webroot/pictures JohnBrian.jpg
2004.03.10 02:35 B D:\Flash\Fubar\pictures\JohnLaurenJazz.jpg --> ftp.fubar-nyc.com /webroot/pictures JohnLaurenJazz.jpg
2004.03.10 02:35 B D:\Flash\Fubar\pictures\MichelleChuckMaureen.jpg --> ftp.fubar-nyc.com /webroot/pictures MichelleChuckMaureen.jpg
2004.03.10 02:36 B D:\Flash\Fubar\pictures\MichelleJohnMaureen.jpg --> ftp.fubar-nyc.com /webroot/pictures MichelleJohnMaureen.jpg
2004.03.10 02:36 B D:\Flash\Fubar\pictures\VickyLauren.jpg --> ftp.fubar-nyc.com /webroot/pictures VickyLauren.jpg
2004.03.14 21:11 B D:\Flash\Fubar\pictures\map.gif --> ftp.fubar-nyc.com /webroot/pictures map.gif
2004.03.14 21:11 B D:\Flash\Fubar\pictures\fubar_crowd.jpg --> ftp.fubar-nyc.com /webroot/pictures fubar_crowd.jpg
2004.03.25 02:00 B D:\Flash\fubar\pictures\fubarlogo.jpg <-- www.fubar-nyc.com /webdocs/pictures fubarlogo.jpg
2004.03.31 01:42 B D:\Flash\fubar\pictures\fubarlogo.jpg --> ftp-dom.earthlink.net /webdocs/pictures fubarlogo.jpg
2004.04.02 01:45 A D:\Flash\fubar\pictures\BuhLat.JPG --> ftp-dom.earthlink.net /webdocs/pictures BuhLat.JPG
2004.04.02 01:45 B D:\Flash\fubar\pictures\EnglishChris.JPG --> ftp-dom.earthlink.net /webdocs/pictures EnglishChris.JPG
2004.04.02 01:46 B D:\Flash\fubar\pictures\GracieBri.JPG --> ftp-dom.earthlink.net /webdocs/pictures GracieBri.JPG
2004.04.02 01:46 B D:\Flash\fubar\pictures\KangarooJack.jpg --> ftp-dom.earthlink.net /webdocs/pictures KangarooJack.jpg
2004.04.02 01:46 B D:\Flash\fubar\pictures\MarshNic.JPG --> ftp-dom.earthlink.net /webdocs/pictures MarshNic.JPG
2004.04.02 01:47 B D:\Flash\fubar\pictures\MoJust.JPG --> ftp-dom.earthlink.net /webdocs/pictures MoJust.JPG
2004.04.02 01:47 B D:\Flash\fubar\pictures\O A - A O.jpg --> ftp-dom.earthlink.net /webdocs/pictures O A - A O.jpg
2004.04.02 01:47 B D:\Flash\fubar\pictures\PartyGirls.JPG --> ftp-dom.earthlink.net /webdocs/pictures PartyGirls.JPG
2004.04.02 01:47 B D:\Flash\fubar\pictures\Swill.JPG --> ftp-dom.earthlink.net /webdocs/pictures Swill.JPG
2004.04.02 01:50 B D:\Flash\fubar\pictures\BuhLat.JPG --> ftp-dom.earthlink.net /webdocs/pictures BuhLat.JPG
2004.04.02 15:00 B D:\Flash\fubar\pictures\EnglishChris.JPG --> ftp-dom.earthlink.net /webdocs/pictures EnglishChris.JPG
2004.05.05 02:41 A D:\Flash\fubar\pictures\Carlo.jpg <-- www.fubar-nyc.com /webdocs/pictures Carlo.jpg
2004.05.12 01:47 B D:\Flash\fubar\pictures\DSC00583.JPG --> ftp-dom.earthlink.net /webdocs/pictures DSC00583.JPG
2004.05.12 01:48 B D:\Flash\fubar\pictures\DSC00584.JPG --> ftp-dom.earthlink.net /webdocs/pictures DSC00584.JPG
2004.05.12 19:45 A D:\Flash\fubar\pictures\TheBeers.JPG <-- www.fubar-nyc.com /webdocs/pictures TheBeers.JPG
2004.05.12 20:12 B D:\Flash\fubar\pictures\darkbeers.jpg --> ftp-dom.earthlink.net /webdocs/pictures darkbeers.jpg
2004.05.17 02:12 B D:\Flash\fubar\pictures\Babes.JPG --> ftp-dom.earthlink.net /webdocs/pictures Babes.JPG
2004.05.17 02:13 B D:\Flash\fubar\pictures\BabesAndWalter.JPG --> ftp-dom.earthlink.net /webdocs/pictures BabesAndWalter.JPG
2004.05.24 01:33 B D:\Flash\fubar\pictures\GroupA2004.jpg --> ftp-dom.earthlink.net /webdocs/pictures GroupA2004.jpg
2004.06.23 00:25 B D:\Flash\fubar\pictures\shannon.jpg --> ftp-dom.earthlink.net /webdocs/pictures shannon.jpg
2005.12.08 15:17 B D:\WebStuff\Fubar\pictures\TheBeers.JPG --> ftp-dom.earthlink.net /webdocs/pictures TheBeers.JPG
2005.12.08 15:30 B D:\WebStuff\Fubar\pictures\BuhLat.jpg --> ftp-dom.earthlink.net /webdocs/pictures BuhLat.jpg
2005.12.08 15:34 B D:\WebStuff\Fubar\pictures\BuhLat.jpg --> ftp-dom.earthlink.net /webdocs/pictures BuhLat.jpg
2005.12.08 15:56 B D:\WebStuff\Fubar\pictures\GracieBri.jpg --> ftp-dom.earthlink.net /webdocs/pictures GracieBri.jpg
2005.12.08 16:38 B D:\WebStuff\Fubar\pictures\BarryJa.jpg <-- www.fubar-nyc.com /webdocs/pictures BarryJa.jpg
2005.12.08 16:41 B D:\WebStuff\Fubar\pictures\MarshNic.jpg --> ftp-dom.earthlink.net /webdocs/pictures MarshNic.jpg
2005.12.12 00:40 B D:\WebStuff\Fubar\pictures\MichelleChuckMaureen.jpg --> ftp-dom.earthlink.net /webdocs/pictures MichelleChuckMaureen.jpg
2005.12.12 00:40 B D:\WebStuff\Fubar\pictures\MichelleJohnMaureen.jpg --> ftp-dom.earthlink.net /webdocs/pictures MichelleJohnMaureen.jpg
2006.04.22 18:37 B D:\WebStuff\Fubar\pictures\BoozeCruize05.JPG <-- www.fubar-nyc.com /webdocs/pictures BoozeCruize05.JPG
2006.04.22 18:38 B D:\WebStuff\Fubar\pictures\Halloween-OldGuys.JPG <-- www.fubar-nyc.com /webdocs/pictures Halloween-OldGuys.JPG
2006.04.22 18:38 B D:\WebStuff\Fubar\pictures\Halloween-Hottie50.JPG <-- www.fubar-nyc.com /webdocs/pictures Halloween-Hottie50.JPG
2006.08.23 00:11 B D:\WebStuff\Fubar\pictures\TheErins.JPG --> ftp-dom.earthlink.net /webdocs/pictures/thumbs TheErins.JPG
2006.08.23 00:11 B D:\WebStuff\Fubar\pictures\LaurenWorking.JPG --> ftp-dom.earthlink.net /webdocs/pictures/thumbs LaurenWorking.JPG
2006.08.23 00:11 B D:\WebStuff\Fubar\pictures\GilAndHisHarem.JPG --> ftp-dom.earthlink.net /webdocs/pictures/thumbs GilAndHisHarem.JPG
2006.08.23 00:12 B D:\WebStuff\Fubar\pictures\Fubar-StaffInfection.JPG --> ftp-dom.earthlink.net /webdocs/pictures/thumbs Fubar-StaffInfection.JPG
2006.08.23 00:12 B D:\WebStuff\Fubar\pictures\BombsAway.jpg --> ftp-dom.earthlink.net /webdocs/pictures/thumbs BombsAway.jpg
2006.08.23 00:13 B D:\WebStuff\Fubar\pictures\TheErins.JPG --> ftp-dom.earthlink.net /webdocs/pictures TheErins.JPG
2006.08.23 00:13 B D:\WebStuff\Fubar\pictures\LaurenWorking.JPG --> ftp-dom.earthlink.net /webdocs/pictures LaurenWorking.JPG
2006.08.23 00:13 B D:\WebStuff\Fubar\pictures\GilAndHisHarem.JPG --> ftp-dom.earthlink.net /webdocs/pictures GilAndHisHarem.JPG
2006.08.23 00:13 B D:\WebStuff\Fubar\pictures\Fubar-StaffInfection.JPG --> ftp-dom.earthlink.net /webdocs/pictures Fubar-StaffInfection.JPG
2006.08.23 00:13 B D:\WebStuff\Fubar\pictures\BombsAway.jpg --> ftp-dom.earthlink.net /webdocs/pictures BombsAway.jpg
2006.09.23 14:28 B D:\WebStuff\Fubar\pictures\Problem-Solution.JPG --> ftp-dom.earthlink.net /webdocs/pictures Problem-Solution.JPG
2006.09.23 14:29 B D:\WebStuff\Fubar\pictures\MegatouchForce2006.JPG --> ftp-dom.earthlink.net /webdocs/pictures MegatouchForce2006.JPG
2006.09.23 14:29 B D:\WebStuff\Fubar\pictures\BigBuckHunter.JPG --> ftp-dom.earthlink.net /webdocs/pictures BigBuckHunter.JPG
2006.09.23 14:29 B D:\WebStuff\Fubar\pictures\Backroom2006.JPG --> ftp-dom.earthlink.net /webdocs/pictures Backroom2006.JPG
