2005.12.07 19:20 B D:\Flash\fubar\pictures\thumbs\Ashley.jpg <-- www.fubar-nyc.com /webdocs/pictures/thumbs Ashley.jpg
2005.12.07 19:20 B D:\Flash\fubar\pictures\thumbs\BabesAndWalter.jpg <-- www.fubar-nyc.com /webdocs/pictures/thumbs BabesAndWalter.jpg
2005.12.07 19:21 B D:\Flash\fubar\pictures\thumbs\BaldGuys.jpg <-- www.fubar-nyc.com /webdocs/pictures/thumbs BaldGuys.jpg
2005.12.07 19:21 B D:\Flash\fubar\pictures\thumbs\BarryJa.jpg <-- www.fubar-nyc.com /webdocs/pictures/thumbs BarryJa.jpg
2005.12.07 19:21 B D:\Flash\fubar\pictures\thumbs\Beth.jpg <-- www.fubar-nyc.com /webdocs/pictures/thumbs Beth.jpg
2005.12.07 19:21 B D:\Flash\fubar\pictures\thumbs\BikerVicky.jpg <-- www.fubar-nyc.com /webdocs/pictures/thumbs BikerVicky.jpg
2005.12.07 19:21 B D:\Flash\fubar\pictures\thumbs\BobbyBanks.jpg <-- www.fubar-nyc.com /webdocs/pictures/thumbs BobbyBanks.jpg
2005.12.07 19:21 B D:\Flash\fubar\pictures\thumbs\BobJohnny1.jpg <-- www.fubar-nyc.com /webdocs/pictures/thumbs BobJohnny1.jpg
2005.12.07 19:21 B D:\Flash\fubar\pictures\thumbs\BoysWorkingIt.jpg <-- www.fubar-nyc.com /webdocs/pictures/thumbs BoysWorkingIt.jpg
2005.12.07 19:21 B D:\Flash\fubar\pictures\thumbs\BuhLat.jpg <-- www.fubar-nyc.com /webdocs/pictures/thumbs BuhLat.jpg
2005.12.07 19:21 B D:\Flash\fubar\pictures\thumbs\Carlo.jpg <-- www.fubar-nyc.com /webdocs/pictures/thumbs Carlo.jpg
2005.12.07 19:21 B D:\Flash\fubar\pictures\thumbs\DedriLaurenMaureen.jpg <-- www.fubar-nyc.com /webdocs/pictures/thumbs DedriLaurenMaureen.jpg
2005.12.07 19:21 B D:\Flash\fubar\pictures\thumbs\EdErinTamra.jpg <-- www.fubar-nyc.com /webdocs/pictures/thumbs EdErinTamra.jpg
2005.12.07 19:21 B D:\Flash\fubar\pictures\thumbs\EnglishChris.jpg <-- www.fubar-nyc.com /webdocs/pictures/thumbs EnglishChris.jpg
2005.12.07 19:21 B D:\Flash\fubar\pictures\thumbs\FlamencoNight.jpg <-- www.fubar-nyc.com /webdocs/pictures/thumbs FlamencoNight.jpg
2005.12.07 19:21 B D:\Flash\fubar\pictures\thumbs\fubar_crowd.jpg <-- www.fubar-nyc.com /webdocs/pictures/thumbs fubar_crowd.jpg
2005.12.07 19:21 B D:\Flash\fubar\pictures\thumbs\FubarCrew1.jpg <-- www.fubar-nyc.com /webdocs/pictures/thumbs FubarCrew1.jpg
2005.12.07 19:21 B D:\Flash\fubar\pictures\thumbs\GracieBri.jpg <-- www.fubar-nyc.com /webdocs/pictures/thumbs GracieBri.jpg
2005.12.07 19:21 B D:\Flash\fubar\pictures\thumbs\HappyChappy.jpg <-- www.fubar-nyc.com /webdocs/pictures/thumbs HappyChappy.jpg
2005.12.07 19:21 B D:\Flash\fubar\pictures\thumbs\HotElyse.jpg <-- www.fubar-nyc.com /webdocs/pictures/thumbs HotElyse.jpg
2005.12.07 19:21 B D:\Flash\fubar\pictures\thumbs\john_on_elimidate.jpg <-- www.fubar-nyc.com /webdocs/pictures/thumbs john_on_elimidate.jpg
2005.12.07 19:21 B D:\Flash\fubar\pictures\thumbs\KangarooJack.jpg <-- www.fubar-nyc.com /webdocs/pictures/thumbs KangarooJack.jpg
2005.12.07 19:21 B D:\Flash\fubar\pictures\thumbs\MarshNic.jpg <-- www.fubar-nyc.com /webdocs/pictures/thumbs MarshNic.jpg
2005.12.07 19:21 B D:\Flash\fubar\pictures\thumbs\MoJust.jpg <-- www.fubar-nyc.com /webdocs/pictures/thumbs MoJust.jpg
2005.12.07 19:21 B D:\Flash\fubar\pictures\thumbs\NiceGuyEddie.jpg <-- www.fubar-nyc.com /webdocs/pictures/thumbs NiceGuyEddie.jpg
2005.12.07 19:21 B D:\Flash\fubar\pictures\thumbs\PartyGirls.jpg <-- www.fubar-nyc.com /webdocs/pictures/thumbs PartyGirls.jpg
2005.12.07 19:21 B D:\Flash\fubar\pictures\thumbs\Saaid.jpg <-- www.fubar-nyc.com /webdocs/pictures/thumbs Saaid.jpg
2005.12.07 19:21 B D:\Flash\fubar\pictures\thumbs\SGTcaliente.jpg <-- www.fubar-nyc.com /webdocs/pictures/thumbs SGTcaliente.jpg
2005.12.07 19:21 B D:\Flash\fubar\pictures\thumbs\shannon.jpg <-- www.fubar-nyc.com /webdocs/pictures/thumbs shannon.jpg
2005.12.07 19:21 B D:\Flash\fubar\pictures\thumbs\SnowmanParting.jpg <-- www.fubar-nyc.com /webdocs/pictures/thumbs SnowmanParting.jpg
2005.12.07 19:21 B D:\Flash\fubar\pictures\thumbs\TheBoys.jpg <-- www.fubar-nyc.com /webdocs/pictures/thumbs TheBoys.jpg
2005.12.08 13:02 B D:\WebStuff\Fubar\pictures\thumbs\JohnAmanda.jpg <-- www.fubar-nyc.com /webdocs/pictures JohnAmanda.jpg
2005.12.08 13:02 B D:\WebStuff\Fubar\pictures\thumbs\JohnBrian.jpg <-- www.fubar-nyc.com /webdocs/pictures JohnBrian.jpg
2005.12.08 15:09 B D:\WebStuff\Fubar\pictures\thumbs\JohnAmanda.jpg --> ftp-dom.earthlink.net /webdocs/pictures/thumbs JohnAmanda.jpg
2005.12.08 15:09 B D:\WebStuff\Fubar\pictures\thumbs\JohnBrian.jpg --> ftp-dom.earthlink.net /webdocs/pictures/thumbs JohnBrian.jpg
2005.12.08 15:21 B D:\WebStuff\Fubar\pictures\thumbs\TheBeers.jpg --> ftp-dom.earthlink.net /webdocs/pictures/thumbs TheBeers.jpg
2006.04.22 18:53 B D:\WebStuff\Fubar\pictures\thumbs\BoozeCruize05.jpg --> ftp-dom.earthlink.net /webdocs/pictures/thumbs BoozeCruize05.jpg
2006.04.22 18:53 B D:\WebStuff\Fubar\pictures\thumbs\Halloween-Hottie50.jpg --> ftp-dom.earthlink.net /webdocs/pictures/thumbs Halloween-Hottie50.jpg
2006.04.22 18:53 B D:\WebStuff\Fubar\pictures\thumbs\Halloween-OldGuys.jpg --> ftp-dom.earthlink.net /webdocs/pictures/thumbs Halloween-OldGuys.jpg
2006.08.23 00:17 B D:\WebStuff\Fubar\pictures\thumbs\TheErins.JPG --> ftp-dom.earthlink.net /webdocs/pictures/thumbs TheErins.JPG
2006.08.23 00:17 B D:\WebStuff\Fubar\pictures\thumbs\LaurenWorking.JPG --> ftp-dom.earthlink.net /webdocs/pictures/thumbs LaurenWorking.JPG
2006.08.23 00:17 B D:\WebStuff\Fubar\pictures\thumbs\GilAndHisHarem.JPG --> ftp-dom.earthlink.net /webdocs/pictures/thumbs GilAndHisHarem.JPG
2006.08.23 00:17 B D:\WebStuff\Fubar\pictures\thumbs\Fubar-StaffInfection.JPG --> ftp-dom.earthlink.net /webdocs/pictures/thumbs Fubar-StaffInfection.JPG
2006.08.23 00:17 B D:\WebStuff\Fubar\pictures\thumbs\BombsAway.jpg --> ftp-dom.earthlink.net /webdocs/pictures/thumbs BombsAway.jpg
2006.09.23 14:36 B D:\WebStuff\Fubar\pictures\thumbs\Problem-Solution.JPG --> ftp-dom.earthlink.net /webdocs/pictures/thumbs Problem-Solution.JPG
