2005.04.21 02:00 B D:\Flash\fubar\html\about.htm --> ftp-dom.earthlink.net /webdocs/html about.htm
2005.04.21 02:07 A D:\Flash\fubar\html\about.htm --> ftp-dom.earthlink.net /webdocs/html about.htm
2005.11.07 23:33 B D:\Flash\fubar\html\about.htm <-- www.fubar-nyc.com /webdocs/html about.htm
2005.11.07 23:33 B D:\Flash\fubar\html\contact.htm <-- www.fubar-nyc.com /webdocs/html contact.htm
2005.11.07 23:33 A D:\Flash\fubar\html\contact.htm <-- www.fubar-nyc.com /webdocs/html contact.htm
2005.11.07 23:33 A D:\Flash\fubar\html\about.htm <-- www.fubar-nyc.com /webdocs/html about.htm
2005.11.07 23:33 A D:\Flash\fubar\html\gallery.htm <-- www.fubar-nyc.com /webdocs/html gallery.htm
2005.11.07 23:33 A D:\Flash\fubar\html\specials.htm <-- www.fubar-nyc.com /webdocs/html specials.htm
2005.11.07 23:40 B D:\Flash\fubar\html\about.htm --> ftp-dom.earthlink.net /webdocs/html about.htm
2005.11.07 23:48 B D:\Flash\fubar\html\contact.htm --> ftp-dom.earthlink.net /webdocs/html contact.htm
2005.11.07 23:54 B D:\Flash\fubar\html\games.htm --> ftp-dom.earthlink.net /webdocs/html games.htm
2005.11.08 00:01 B D:\Flash\fubar\html\gallery.htm --> ftp-dom.earthlink.net /webdocs/html gallery.htm
2005.11.08 00:02 B D:\Flash\fubar\html\gallery.htm --> ftp-dom.earthlink.net /webdocs/html gallery.htm
2005.11.08 00:05 A D:\Flash\fubar\html\gallery.htm --> ftp-dom.earthlink.net /webdocs/html gallery.htm
2005.11.08 00:05 A D:\Flash\fubar\html\games.htm --> ftp-dom.earthlink.net /webdocs/html games.htm
2005.11.08 00:06 A D:\Flash\fubar\html\specials.htm --> ftp-dom.earthlink.net /webdocs/html specials.htm
2005.11.08 00:08 A D:\Flash\fubar\html\gallery.htm --> ftp-dom.earthlink.net /webdocs/html gallery.htm
2005.11.08 21:37 B D:\Flash\fubar\html\games.htm --> ftp-dom.earthlink.net /webdocs/html games.htm
2005.12.01 21:24 A D:\Flash\fubar\html\specials.htm --> ftp-dom.earthlink.net /webdocs/html specials.htm
2005.12.07 19:31 A D:\Flash\fubar\html\gallery.htm --> ftp-dom.earthlink.net /webdocs/html gallery.htm
2005.12.07 19:58 A D:\Flash\fubar\html\gallery.htm --> ftp-dom.earthlink.net /webdocs/html gallery.htm
2005.12.07 20:04 A D:\Flash\fubar\html\gallery.htm --> ftp-dom.earthlink.net /webdocs/html gallery.htm
2005.12.07 20:29 B D:\Flash\fubar\html\gallery2.htm --> ftp-dom.earthlink.net /webdocs/html gallery2.htm
2005.12.07 20:33 A D:\Flash\fubar\html\gallery.htm --> ftp-dom.earthlink.net /webdocs/html gallery.htm
2005.12.08 11:56 A D:\WebStuff\Fubar\html\about.htm --> ftp-dom.earthlink.net /webdocs/html about.htm
2005.12.08 11:56 A D:\WebStuff\Fubar\html\contact.htm --> ftp-dom.earthlink.net /webdocs/html contact.htm
2005.12.08 11:56 A D:\WebStuff\Fubar\html\games.htm --> ftp-dom.earthlink.net /webdocs/html games.htm
2005.12.08 11:56 A D:\WebStuff\Fubar\html\specials.htm --> ftp-dom.earthlink.net /webdocs/html specials.htm
2006.01.05 19:14 A D:\WebStuff\Fubar\html\games.htm --> ftp-dom.earthlink.net /webdocs/html games.htm
2006.01.05 19:16 A D:\WebStuff\Fubar\html\games.htm --> ftp-dom.earthlink.net /webdocs/html games.htm
2006.01.05 19:20 A D:\WebStuff\Fubar\html\games.htm --> ftp-dom.earthlink.net /webdocs/html games.htm
2006.01.05 19:23 A D:\WebStuff\Fubar\html\games.htm --> ftp-dom.earthlink.net /webdocs/html games.htm
2006.01.06 00:51 A D:\WebStuff\Fubar\html\games.htm --> ftp-dom.earthlink.net /webdocs/html games.htm
2006.01.06 00:54 A D:\WebStuff\Fubar\html\games.htm --> ftp-dom.earthlink.net /webdocs/html games.htm
2006.06.29 23:45 A D:\WebStuff\Fubar\html\games.htm --> ftp-dom.earthlink.net /webdocs/html games.htm
2006.06.29 23:54 A D:\WebStuff\Fubar\html\games.htm --> ftp-dom.earthlink.net /webdocs/html games.htm
2006.07.11 23:29 A D:\WebStuff\Fubar\html\games.htm <-- www.fubar-nyc.com /webdocs/html games.htm
2006.07.11 23:32 A D:\WebStuff\Fubar\html\games.htm --> ftp-dom.earthlink.net /webdocs/html games.htm
2006.07.11 23:37 A D:\WebStuff\Fubar\html\games.htm --> ftp-dom.earthlink.net /webdocs/html games.htm
2006.07.11 23:40 A D:\WebStuff\Fubar\html\games.htm --> ftp-dom.earthlink.net /webdocs/html games.htm
2006.08.01 22:41 A D:\WebStuff\Fubar\html\specials.htm <-- www.fubar-nyc.com /webdocs/html specials.htm
2006.08.01 22:54 A D:\WebStuff\Fubar\html\specials.htm --> ftp-dom.earthlink.net /webdocs/html specials.htm
2006.09.24 17:06 A D:\WebStuff\Fubar\html\guestbook.htm --> ftp-dom.earthlink.net /webdocs/html guestbook.htm
2006.09.26 00:07 A D:\WebStuff\Fubar\html\specials.htm --> ftp-dom.earthlink.net /webdocs/html specials.htm
2006.09.26 00:07 A D:\WebStuff\Fubar\html\games.htm --> ftp-dom.earthlink.net /webdocs/html games.htm
2006.09.26 00:07 A D:\WebStuff\Fubar\html\contact.htm --> ftp-dom.earthlink.net /webdocs/html contact.htm
2006.09.26 00:07 A D:\WebStuff\Fubar\html\about.htm --> ftp-dom.earthlink.net /webdocs/html about.htm
2006.09.26 00:21 A D:\WebStuff\Fubar\html\about.htm --> ftp-dom.earthlink.net /webdocs/html about.htm
2006.09.26 20:34 A D:\WebStuff\Fubar\html\specials.htm --> ftp-dom.earthlink.net /webdocs/html specials.htm
