2004.02.27 02:00 B C:\Documents and Settings\sony\Desktop\fubar\images\addresshome.gif --> ftp.fubar-nyc.com /webroot/images addresshome.gif
2004.02.27 02:00 B C:\Documents and Settings\sony\Desktop\fubar\images\bargrill.gif --> ftp.fubar-nyc.com /webroot/images bargrill.gif
2004.02.27 02:00 B C:\Documents and Settings\sony\Desktop\fubar\images\contact.gif --> ftp.fubar-nyc.com /webroot/images contact.gif
2004.02.27 02:00 B C:\Documents and Settings\sony\Desktop\fubar\images\contact_off.gif --> ftp.fubar-nyc.com /webroot/images contact_off.gif
2004.02.27 02:00 B C:\Documents and Settings\sony\Desktop\fubar\images\fubar.gif --> ftp.fubar-nyc.com /webroot/images fubar.gif
2004.02.27 02:00 B C:\Documents and Settings\sony\Desktop\fubar\images\home_on.gif --> ftp.fubar-nyc.com /webroot/images home_on.gif
2004.02.27 02:00 B C:\Documents and Settings\sony\Desktop\fubar\images\lines.gif --> ftp.fubar-nyc.com /webroot/images lines.gif
2004.02.27 02:00 B C:\Documents and Settings\sony\Desktop\fubar\images\menus.gif --> ftp.fubar-nyc.com /webroot/images menus.gif
2004.02.27 02:01 B C:\Documents and Settings\sony\Desktop\fubar\images\menus_on.gif --> ftp.fubar-nyc.com /webroot/images menus_on.gif
2004.02.27 02:01 B C:\Documents and Settings\sony\Desktop\fubar\images\outdoors.jpg --> ftp.fubar-nyc.com /webroot/images outdoors.jpg
2004.02.27 02:01 B C:\Documents and Settings\sony\Desktop\fubar\images\specials_off.gif --> ftp.fubar-nyc.com /webroot/images parties.gif
2004.02.27 02:01 B C:\Documents and Settings\sony\Desktop\fubar\images\specials_on.gif --> ftp.fubar-nyc.com /webroot/images parties_on.gif
2004.02.27 02:01 B C:\Documents and Settings\sony\Desktop\fubar\images\pictures.gif --> ftp.fubar-nyc.com /webroot/images pictures.gif
2004.02.27 02:01 B C:\Documents and Settings\sony\Desktop\fubar\images\pictures_on.gif --> ftp.fubar-nyc.com /webroot/images pictures_on.gif
2004.02.27 02:01 B C:\Documents and Settings\sony\Desktop\fubar\images\reviews.gif --> ftp.fubar-nyc.com /webroot/images reviews.gif
2004.02.27 02:01 B C:\Documents and Settings\sony\Desktop\fubar\images\reviews_on.gif --> ftp.fubar-nyc.com /webroot/images reviews_on.gif
2004.02.27 02:01 B C:\Documents and Settings\sony\Desktop\fubar\images\shot.gif --> ftp.fubar-nyc.com /webroot/images shot.gif
2004.02.27 02:11 A C:\Documents and Settings\sony\Desktop\fubar\images\fubar.gif --> ftp.fubar-nyc.com /webroot/images fubar.gif
2004.03.04 02:44 B D:\Flash\Fubar\images\address.gif --> ftp.fubar-nyc.com /webroot/images address.gif
2004.03.06 22:21 B D:\Flash\fubar\images\lines.gif --> ftp.fubar-nyc.com /webroot/images lines.gif
2004.03.09 21:24 B D:\Flash\fubar\images\nyc.gif --> ftp.fubar-nyc.com /webroot/images nyc.gif
2004.03.09 21:26 B D:\Flash\fubar\images\contact.gif --> ftp.fubar-nyc.com /webroot/images contact.gif
2004.03.09 21:26 B D:\Flash\fubar\images\contact_off.gif --> ftp.fubar-nyc.com /webroot/images contact_off.gif
2004.03.09 21:26 B D:\Flash\fubar\images\guestbook.gif --> ftp.fubar-nyc.com /webroot/images guestbook.gif
2004.03.09 21:26 B D:\Flash\fubar\images\guestbook_on.gif --> ftp.fubar-nyc.com /webroot/images guestbook_on.gif
2004.03.09 21:26 B D:\Flash\fubar\images\history_off.gif --> ftp.fubar-nyc.com /webroot/images history_off.gif
2004.03.09 21:26 B D:\Flash\fubar\images\history_on.gif --> ftp.fubar-nyc.com /webroot/images history_on.gif
2004.03.09 21:27 B D:\Flash\fubar\images\home.gif --> ftp.fubar-nyc.com /webroot/images home.gif
2004.03.09 21:27 B D:\Flash\fubar\images\home_on.gif --> ftp.fubar-nyc.com /webroot/images home_on.gif
2004.03.09 21:27 B D:\Flash\fubar\images\pictures.gif --> ftp.fubar-nyc.com /webroot/images pictures.gif
2004.03.09 21:27 B D:\Flash\fubar\images\pictures_on.gif --> ftp.fubar-nyc.com /webroot/images pictures_on.gif
2004.03.09 21:27 B D:\Flash\fubar\images\specials.gif --> ftp.fubar-nyc.com /webroot/images specials.gif
2004.03.09 21:27 B D:\Flash\fubar\images\specials_on.gif --> ftp.fubar-nyc.com /webroot/images specials_on.gif
2004.03.11 20:55 B D:\Flash\fubar\images\ChuckAndChris.zip --> ftp.fubar-nyc.com /webroot/images ChuckAndChris.zip
2004.03.11 20:55 B D:\Flash\fubar\images\Clip021.zip --> ftp.fubar-nyc.com /webroot/images Clip021.zip
2004.03.11 20:55 B D:\Flash\fubar\images\Fubar1.jpg --> ftp.fubar-nyc.com /webroot/images Fubar1.jpg
2004.03.11 20:57 B D:\Flash\fubar\images\FubarPoolDoor.zip --> ftp.fubar-nyc.com /webroot/images FubarPoolDoor.zip
2004.03.11 20:57 B D:\Flash\fubar\images\Shot.swf --> ftp.fubar-nyc.com /webroot/images Shot.swf
2004.03.11 20:57 B D:\Flash\fubar\images\Thumbs.db --> ftp.fubar-nyc.com /webroot/images Thumbs.db
2004.03.11 20:57 B D:\Flash\fubar\images\WS_FTP.LOG --> ftp.fubar-nyc.com /webroot/images WS_FTP.LOG
2004.03.11 21:09 B D:\Flash\fubar\images\contact_off.gif --> ftp.fubar-nyc.com /webroot/images contact_off.gif
2004.03.19 02:04 B D:\Flash\fubar\images\history_off.gif --> ftp-dom.earthlink.net /webdocs/images history_off.gif
2004.03.19 02:05 B D:\Flash\fubar\images\history_on.gif --> ftp-dom.earthlink.net /webdocs/images history_on.gif
2004.03.19 02:05 B D:\Flash\fubar\images\history_on.gif --> ftp-dom.earthlink.net /webdocs/images history_on.gif
2004.03.19 02:05 B D:\Flash\fubar\images\history_off.gif --> ftp-dom.earthlink.net /webdocs/images history_off.gif
2004.03.31 01:37 B D:\Flash\fubar\images\shot.gif --> ftp-dom.earthlink.net /webdocs/images shot.gif
2004.03.31 01:38 B D:\Flash\fubar\images\shotview.gif --> ftp-dom.earthlink.net /webdocs/images shotview.gif
2005.11.07 21:11 B D:\Flash\fubar\images\games_off.gif --> ftp-dom.earthlink.net /webdocs/images games_off.gif
2005.11.07 21:11 B D:\Flash\fubar\images\games_on.gif --> ftp-dom.earthlink.net /webdocs/images games_on.gif
2005.11.08 00:01 B D:\Flash\fubar\images\sleeping-johnny.jpg --> ftp-dom.earthlink.net /webdocs/images sleeping-johnny.jpg
2005.11.08 00:01 B D:\Flash\fubar\images\urinal.jpg --> ftp-dom.earthlink.net /webdocs/images urinal.jpg
2005.11.08 21:34 B D:\Flash\fubar\images\fatairthumb.jpg --> ftp-dom.earthlink.net /webdocs/images fatairthumb.jpg
2006.06.29 23:42 B D:\WebStuff\Fubar\images\dunkthedrunkthumb.jpg --> ftp-dom.earthlink.net /webdocs/images dunkthedrunkthumb.jpg
2006.06.29 23:52 B D:\WebStuff\Fubar\images\dunkthedrunkthumb.jpg --> ftp-dom.earthlink.net /webdocs/images dunkthedrunkthumb.jpg
