2003.05.01 16:04 A D:\Valium Effort\tab\graphics\bach.jpg --> ftp-dom.earthlink.net /webdocs/tab/graphics bach.jpg
2003.05.01 16:04 A D:\Valium Effort\tab\graphics\blake.gif --> ftp-dom.earthlink.net /webdocs/tab/graphics blake.gif
2003.05.01 16:04 A D:\Valium Effort\tab\graphics\classical.jpg --> ftp-dom.earthlink.net /webdocs/tab/graphics classical.jpg
2003.05.01 16:04 A D:\Valium Effort\tab\graphics\cream.jpg --> ftp-dom.earthlink.net /webdocs/tab/graphics cream.jpg
2003.05.01 16:04 A D:\Valium Effort\tab\graphics\gd.jpg --> ftp-dom.earthlink.net /webdocs/tab/graphics gd.jpg
2003.05.01 16:04 A D:\Valium Effort\tab\graphics\mellowgold.jpg --> ftp-dom.earthlink.net /webdocs/tab/graphics mellowgold.jpg
2003.05.01 16:04 A D:\Valium Effort\tab\graphics\meters.jpg --> ftp-dom.earthlink.net /webdocs/tab/graphics meters.jpg
2003.05.01 16:04 A D:\Valium Effort\tab\graphics\mutations.jpg --> ftp-dom.earthlink.net /webdocs/tab/graphics mutations.jpg
2003.05.01 16:04 A D:\Valium Effort\tab\graphics\odelay.jpg --> ftp-dom.earthlink.net /webdocs/tab/graphics odelay.jpg
2003.05.01 16:05 A D:\Valium Effort\tab\graphics\onefoot.jpg --> ftp-dom.earthlink.net /webdocs/tab/graphics onefoot.jpg
2003.05.01 16:05 A D:\Valium Effort\tab\graphics\srv.gif --> ftp-dom.earthlink.net /webdocs/tab/graphics srv.gif
2003.05.01 16:05 A D:\Valium Effort\tab\graphics\tuna.gif --> ftp-dom.earthlink.net /webdocs/tab/graphics tuna.gif
2003.05.01 16:09 A D:\Valium Effort\tab\graphics\bass.gif --> ftp-dom.earthlink.net /webdocs/tab/graphics bass.gif
2003.05.01 16:09 A D:\Valium Effort\tab\graphics\bass.jpg --> ftp-dom.earthlink.net /webdocs/tab/graphics bass.jpg
2003.05.01 16:09 A D:\Valium Effort\tab\graphics\guitar2.gif --> ftp-dom.earthlink.net /webdocs/tab/graphics guitar2.gif
2003.05.01 16:10 A D:\Valium Effort\tab\graphics\tabtitle.jpg --> ftp-dom.earthlink.net /webdocs/tab/graphics tabtitle.jpg
2003.05.02 14:51 B D:\Valium Effort\tab\graphics\kb.jpg --> ftp-dom.earthlink.net /webdocs/tab/graphics kb.jpg
2003.05.02 14:51 B D:\Valium Effort\tab\graphics\kb2.gif --> ftp-dom.earthlink.net /webdocs/tab/graphics kb2.gif
2003.05.02 15:07 B D:\Valium Effort\tab\graphics\tabber.gif --> ftp-dom.earthlink.net /webdocs/guestbook tabber.gif
2003.05.02 16:21 B D:\Valium Effort\tab\graphics\hendrix.gif <-- Valium Effort /webdocs/tab/graphics hendrix.gif
2003.05.02 16:25 B D:\Valium Effort\tab\graphics\hendrix2.gif --> ftp-dom.earthlink.net /webdocs/tab/graphics hendrix2.gif
2003.05.14 16:21 B D:\Valium Effort\tab\graphics\classical.gif --> ftp-dom.earthlink.net /webdocs/tab/graphics classical.gif
2003.05.15 13:35 B D:\Valium Effort\tab\graphics\classical.gif <-- Valium Effort /webdocs/tab/graphics classical.gif
2003.05.15 13:36 B D:\Valium Effort\tab\graphics\classical.gif --> ftp-dom.earthlink.net /webdocs/tab/graphics classical.gif
2003.05.15 13:38 B D:\Valium Effort\tab\graphics\classical.gif --> ftp-dom.earthlink.net /webdocs/tab/graphics classical.gif
2003.05.15 13:45 B D:\Valium Effort\tab\graphics\classical.gif --> ftp-dom.earthlink.net /webdocs/tab/graphics classical.gif
2003.05.15 13:46 B D:\Valium Effort\tab\graphics\classical.gif --> ftp-dom.earthlink.net /webdocs/tab/graphics classical.gif
2003.05.15 14:45 B D:\Valium Effort\tab\graphics\classical.gif --> ftp-dom.earthlink.net /webdocs/tab/graphics classical.gif
2003.05.15 14:46 B D:\Valium Effort\tab\graphics\classical.gif --> ftp-dom.earthlink.net /webdocs/tab/graphics classical.gif
2006.02.23 00:33 A D:\webstuff\Valium Effort\tab\graphics\allman.jpg --> ftp.maxguitartab.com /maxguitartab/graphics allman.jpg
2006.02.23 00:33 A D:\webstuff\Valium Effort\tab\graphics\bach.jpg --> ftp.maxguitartab.com /maxguitartab/graphics bach.jpg
2006.02.23 00:33 A D:\webstuff\Valium Effort\tab\graphics\bass.gif --> ftp.maxguitartab.com /maxguitartab/graphics bass.gif
2006.02.23 00:33 A D:\webstuff\Valium Effort\tab\graphics\bass.jpg --> ftp.maxguitartab.com /maxguitartab/graphics bass.jpg
2006.02.23 00:33 A D:\webstuff\Valium Effort\tab\graphics\blake.gif --> ftp.maxguitartab.com /maxguitartab/graphics blake.gif
2006.02.23 00:33 A D:\webstuff\Valium Effort\tab\graphics\classical.gif --> ftp.maxguitartab.com /maxguitartab/graphics classical.gif
2006.02.23 00:33 A D:\webstuff\Valium Effort\tab\graphics\classical.jpg --> ftp.maxguitartab.com /maxguitartab/graphics classical.jpg
2006.02.23 00:33 A D:\webstuff\Valium Effort\tab\graphics\coming.gif --> ftp.maxguitartab.com /maxguitartab/graphics coming.gif
2006.02.23 00:33 A D:\webstuff\Valium Effort\tab\graphics\coolsite.jpg --> ftp.maxguitartab.com /maxguitartab/graphics coolsite.jpg
2006.02.23 00:33 A D:\webstuff\Valium Effort\tab\graphics\counter.gif --> ftp.maxguitartab.com /maxguitartab/graphics counter.gif
2006.02.23 00:33 A D:\webstuff\Valium Effort\tab\graphics\cream.jpg --> ftp.maxguitartab.com /maxguitartab/graphics cream.jpg
2006.02.23 00:33 A D:\webstuff\Valium Effort\tab\graphics\gd.jpg --> ftp.maxguitartab.com /maxguitartab/graphics gd.jpg
2006.02.23 00:33 A D:\webstuff\Valium Effort\tab\graphics\guitar2.gif --> ftp.maxguitartab.com /maxguitartab/graphics guitar2.gif
2006.02.23 00:33 A D:\webstuff\Valium Effort\tab\graphics\hendrix.gif --> ftp.maxguitartab.com /maxguitartab/graphics hendrix.gif
2006.02.23 00:33 A D:\webstuff\Valium Effort\tab\graphics\hendrix2.gif --> ftp.maxguitartab.com /maxguitartab/graphics hendrix2.gif
2006.02.23 00:33 A D:\webstuff\Valium Effort\tab\graphics\hot.gif --> ftp.maxguitartab.com /maxguitartab/graphics hot.gif
2006.02.23 00:33 A D:\webstuff\Valium Effort\tab\graphics\jpl3.jpg --> ftp.maxguitartab.com /maxguitartab/graphics jpl3.jpg
2006.02.23 00:33 A D:\webstuff\Valium Effort\tab\graphics\kb.jpg --> ftp.maxguitartab.com /maxguitartab/graphics kb.jpg
2006.02.23 00:33 A D:\webstuff\Valium Effort\tab\graphics\kb2.gif --> ftp.maxguitartab.com /maxguitartab/graphics kb2.gif
2006.02.23 00:33 A D:\webstuff\Valium Effort\tab\graphics\links.gif --> ftp.maxguitartab.com /maxguitartab/graphics links.gif
2006.02.23 00:33 A D:\webstuff\Valium Effort\tab\graphics\maxx.jpg --> ftp.maxguitartab.com /maxguitartab/graphics maxx.jpg
2006.02.23 00:33 A D:\webstuff\Valium Effort\tab\graphics\mellowgold.jpg --> ftp.maxguitartab.com /maxguitartab/graphics mellowgold.jpg
2006.02.23 00:33 A D:\webstuff\Valium Effort\tab\graphics\meters.jpg --> ftp.maxguitartab.com /maxguitartab/graphics meters.jpg
2006.02.23 00:33 A D:\webstuff\Valium Effort\tab\graphics\mozart.gif --> ftp.maxguitartab.com /maxguitartab/graphics mozart.gif
2006.02.23 00:33 A D:\webstuff\Valium Effort\tab\graphics\mutations.jpg --> ftp.maxguitartab.com /maxguitartab/graphics mutations.jpg
2006.02.23 00:33 A D:\webstuff\Valium Effort\tab\graphics\odelay.jpg --> ftp.maxguitartab.com /maxguitartab/graphics odelay.jpg
2006.02.23 00:33 A D:\webstuff\Valium Effort\tab\graphics\onefoot.jpg --> ftp.maxguitartab.com /maxguitartab/graphics onefoot.jpg
2006.02.23 00:33 A D:\webstuff\Valium Effort\tab\graphics\sidebar.gif --> ftp.maxguitartab.com /maxguitartab/graphics sidebar.gif
2006.02.23 00:33 A D:\webstuff\Valium Effort\tab\graphics\srv.gif --> ftp.maxguitartab.com /maxguitartab/graphics srv.gif
2006.02.23 00:33 A D:\webstuff\Valium Effort\tab\graphics\tab.gif --> ftp.maxguitartab.com /maxguitartab/graphics tab.gif
2006.02.23 00:33 A D:\webstuff\Valium Effort\tab\graphics\tabber.gif --> ftp.maxguitartab.com /maxguitartab/graphics tabber.gif
2006.02.23 00:33 A D:\webstuff\Valium Effort\tab\graphics\tabtitle.jpg --> ftp.maxguitartab.com /maxguitartab/graphics tabtitle.jpg
2006.02.23 00:33 A D:\webstuff\Valium Effort\tab\graphics\Thumbs.db --> ftp.maxguitartab.com /maxguitartab/graphics Thumbs.db
2006.02.23 00:33 A D:\webstuff\Valium Effort\tab\graphics\tuna.gif --> ftp.maxguitartab.com /maxguitartab/graphics tuna.gif
2006.02.23 00:33 A D:\webstuff\Valium Effort\tab\graphics\WS_FTP.LOG --> ftp.maxguitartab.com /maxguitartab/graphics WS_FTP.LOG
2006.02.25 16:44 B d:\webstuff\valium effort\tab\graphics\classical.gif --> ftp.maxguitartab.com /maxguitartab/graphics classical.gif
2006.02.25 16:47 B d:\webstuff\valium effort\tab\graphics\srv.gif --> ftp.maxguitartab.com /maxguitartab/graphics srv.gif
2006.02.25 17:02 B d:\webstuff\valium effort\tab\graphics\miscellaneous.gif --> ftp.maxguitartab.com /maxguitartab/graphics miscellaneous.gif
2006.02.26 17:38 B d:\webstuff\valium effort\tab\graphics\back11.gif --> ftp.maxguitartab.com /maxguitartab/graphics back11.gif
2006.02.26 17:41 B d:\webstuff\valium effort\tab\graphics\doc.gif --> ftp.maxguitartab.com /maxguitartab/graphics doc.gif
2006.02.26 17:56 B d:\webstuff\valium effort\tab\graphics\allman.jpg <-- Max Guitar Tab /maxguitartab/graphics allman.jpg
2006.02.26 17:56 B d:\webstuff\valium effort\tab\graphics\bach.jpg <-- Max Guitar Tab /maxguitartab/graphics bach.jpg
2006.02.26 17:56 B d:\webstuff\valium effort\tab\graphics\back10.gif <-- Max Guitar Tab /maxguitartab/graphics back10.gif
2006.02.26 17:56 B d:\webstuff\valium effort\tab\graphics\back11.gif <-- Max Guitar Tab /maxguitartab/graphics back11.gif
2006.02.26 17:56 B d:\webstuff\valium effort\tab\graphics\back12.gif <-- Max Guitar Tab /maxguitartab/graphics back12.gif
2006.02.26 17:56 B d:\webstuff\valium effort\tab\graphics\back2.gif <-- Max Guitar Tab /maxguitartab/graphics back2.gif
2006.02.26 17:56 B d:\webstuff\valium effort\tab\graphics\back3.gif <-- Max Guitar Tab /maxguitartab/graphics back3.gif
2006.02.26 17:56 B d:\webstuff\valium effort\tab\graphics\back4.gif <-- Max Guitar Tab /maxguitartab/graphics back4.gif
2006.02.26 17:56 B d:\webstuff\valium effort\tab\graphics\back5.gif <-- Max Guitar Tab /maxguitartab/graphics back5.gif
2006.02.26 17:56 B d:\webstuff\valium effort\tab\graphics\back8.gif <-- Max Guitar Tab /maxguitartab/graphics back8.gif
2006.02.26 17:56 B d:\webstuff\valium effort\tab\graphics\back9.gif <-- Max Guitar Tab /maxguitartab/graphics back9.gif
2006.02.26 17:56 B d:\webstuff\valium effort\tab\graphics\bass.gif <-- Max Guitar Tab /maxguitartab/graphics bass.gif
2006.02.26 17:56 B d:\webstuff\valium effort\tab\graphics\bass.jpg <-- Max Guitar Tab /maxguitartab/graphics bass.jpg
2006.02.26 17:56 B d:\webstuff\valium effort\tab\graphics\beatles.gif <-- Max Guitar Tab /maxguitartab/graphics beatles.gif
2006.02.26 17:56 B d:\webstuff\valium effort\tab\graphics\beck.jpg <-- Max Guitar Tab /maxguitartab/graphics beck.jpg
2006.02.26 17:56 B d:\webstuff\valium effort\tab\graphics\blake.gif <-- Max Guitar Tab /maxguitartab/graphics blake.gif
2006.02.26 17:56 B d:\webstuff\valium effort\tab\graphics\blake.jpg <-- Max Guitar Tab /maxguitartab/graphics blake.jpg
2006.02.26 17:56 B d:\webstuff\valium effort\tab\graphics\blind_blake_pencil.jpg <-- Max Guitar Tab /maxguitartab/graphics blind_blake_pencil.jpg
2006.02.26 17:57 B d:\webstuff\valium effort\tab\graphics\classical.gif <-- Max Guitar Tab /maxguitartab/graphics classical.gif
2006.02.26 17:57 B d:\webstuff\valium effort\tab\graphics\classical.jpg <-- Max Guitar Tab /maxguitartab/graphics classical.jpg
2006.02.26 17:57 B d:\webstuff\valium effort\tab\graphics\coming.gif <-- Max Guitar Tab /maxguitartab/graphics coming.gif
2006.02.26 17:57 B d:\webstuff\valium effort\tab\graphics\coolsite.jpg <-- Max Guitar Tab /maxguitartab/graphics coolsite.jpg
2006.02.26 17:57 B d:\webstuff\valium effort\tab\graphics\counter.gif <-- Max Guitar Tab /maxguitartab/graphics counter.gif
2006.02.26 17:57 B d:\webstuff\valium effort\tab\graphics\cream.jpg <-- Max Guitar Tab /maxguitartab/graphics cream.jpg
2006.02.26 17:57 B d:\webstuff\valium effort\tab\graphics\dead.jpg <-- Max Guitar Tab /maxguitartab/graphics dead.jpg
2006.02.26 17:57 B d:\webstuff\valium effort\tab\graphics\doc.gif <-- Max Guitar Tab /maxguitartab/graphics doc.gif
2006.02.26 17:57 B d:\webstuff\valium effort\tab\graphics\doc.jpg <-- Max Guitar Tab /maxguitartab/graphics doc.jpg
2006.02.26 17:57 B d:\webstuff\valium effort\tab\graphics\docwdog.jpg <-- Max Guitar Tab /maxguitartab/graphics docwdog.jpg
2006.02.26 17:57 B d:\webstuff\valium effort\tab\graphics\gd.gif <-- Max Guitar Tab /maxguitartab/graphics gd.gif
2006.02.26 17:57 B d:\webstuff\valium effort\tab\graphics\gd.jpg <-- Max Guitar Tab /maxguitartab/graphics gd.jpg
2006.02.26 17:57 B d:\webstuff\valium effort\tab\graphics\guitar2.gif <-- Max Guitar Tab /maxguitartab/graphics guitar2.gif
2006.02.26 17:57 B d:\webstuff\valium effort\tab\graphics\hendrix.gif <-- Max Guitar Tab /maxguitartab/graphics hendrix.gif
2006.02.26 17:57 B d:\webstuff\valium effort\tab\graphics\hendrix2.gif <-- Max Guitar Tab /maxguitartab/graphics hendrix2.gif
2006.02.26 17:57 B d:\webstuff\valium effort\tab\graphics\hot.gif <-- Max Guitar Tab /maxguitartab/graphics hot.gif
2006.02.26 17:57 B d:\webstuff\valium effort\tab\graphics\hottuna.jpg <-- Max Guitar Tab /maxguitartab/graphics hottuna.jpg
2006.02.26 17:57 B d:\webstuff\valium effort\tab\graphics\illusion.gif <-- Max Guitar Tab /maxguitartab/graphics illusion.gif
2006.02.26 17:57 B d:\webstuff\valium effort\tab\graphics\jpl3.jpg <-- Max Guitar Tab /maxguitartab/graphics jpl3.jpg
2006.02.26 17:57 B d:\webstuff\valium effort\tab\graphics\kb.jpg <-- Max Guitar Tab /maxguitartab/graphics kb.jpg
2006.02.26 17:57 B d:\webstuff\valium effort\tab\graphics\kb2.gif <-- Max Guitar Tab /maxguitartab/graphics kb2.gif
2006.02.26 17:57 B d:\webstuff\valium effort\tab\graphics\links.gif <-- Max Guitar Tab /maxguitartab/graphics links.gif
2006.02.26 17:57 B d:\webstuff\valium effort\tab\graphics\maxx.jpg <-- Max Guitar Tab /maxguitartab/graphics maxx.jpg
2006.02.26 17:57 B d:\webstuff\valium effort\tab\graphics\maxxdaddy.gif <-- Max Guitar Tab /maxguitartab/graphics maxxdaddy.gif
2006.02.26 17:57 B d:\webstuff\valium effort\tab\graphics\mellow.jpg <-- Max Guitar Tab /maxguitartab/graphics mellow.jpg
2006.02.26 17:57 B d:\webstuff\valium effort\tab\graphics\mellowgold.jpg <-- Max Guitar Tab /maxguitartab/graphics mellowgold.jpg
2006.02.26 17:57 B d:\webstuff\valium effort\tab\graphics\meters.jpg <-- Max Guitar Tab /maxguitartab/graphics meters.jpg
2006.02.26 17:57 B d:\webstuff\valium effort\tab\graphics\midnite.jpg <-- Max Guitar Tab /maxguitartab/graphics midnite.jpg
2006.02.26 17:57 B d:\webstuff\valium effort\tab\graphics\misc.gif <-- Max Guitar Tab /maxguitartab/graphics misc.gif
2006.02.26 17:57 B d:\webstuff\valium effort\tab\graphics\miscellaneous.gif <-- Max Guitar Tab /maxguitartab/graphics miscellaneous.gif
2006.02.26 17:57 B d:\webstuff\valium effort\tab\graphics\mozart.gif <-- Max Guitar Tab /maxguitartab/graphics mozart.gif
2006.02.26 17:57 B d:\webstuff\valium effort\tab\graphics\mutations.jpg <-- Max Guitar Tab /maxguitartab/graphics mutations.jpg
2006.02.26 17:57 B d:\webstuff\valium effort\tab\graphics\odelay.jpg <-- Max Guitar Tab /maxguitartab/graphics odelay.jpg
2006.02.26 17:57 B d:\webstuff\valium effort\tab\graphics\onefoot.jpg <-- Max Guitar Tab /maxguitartab/graphics onefoot.jpg
2006.02.26 17:57 B d:\webstuff\valium effort\tab\graphics\pinkfloyd.jpg <-- Max Guitar Tab /maxguitartab/graphics pinkfloyd.jpg
2006.02.26 17:57 B d:\webstuff\valium effort\tab\graphics\santana.gif <-- Max Guitar Tab /maxguitartab/graphics santana.gif
2006.02.26 17:57 B d:\webstuff\valium effort\tab\graphics\seachange.jpg <-- Max Guitar Tab /maxguitartab/graphics seachange.jpg
2006.02.26 17:57 B d:\webstuff\valium effort\tab\graphics\sidebar.gif <-- Max Guitar Tab /maxguitartab/graphics sidebar.gif
2006.02.26 17:57 B d:\webstuff\valium effort\tab\graphics\skullheart.gif <-- Max Guitar Tab /maxguitartab/graphics skullheart.gif
2006.02.26 17:57 B d:\webstuff\valium effort\tab\graphics\srv.gif <-- Max Guitar Tab /maxguitartab/graphics srv.gif
2006.02.26 17:57 B d:\webstuff\valium effort\tab\graphics\tab.gif <-- Max Guitar Tab /maxguitartab/graphics tab.gif
2006.02.26 17:57 B d:\webstuff\valium effort\tab\graphics\tabber.gif <-- Max Guitar Tab /maxguitartab/graphics tabber.gif
2006.02.26 17:57 B d:\webstuff\valium effort\tab\graphics\tabtitle.jpg <-- Max Guitar Tab /maxguitartab/graphics tabtitle.jpg
2006.02.26 17:57 B d:\webstuff\valium effort\tab\graphics\tuna.gif <-- Max Guitar Tab /maxguitartab/graphics tuna.gif
2006.02.26 18:00 B d:\webstuff\valium effort\tab\graphics\back10.gif --> ftp.maxguitartab.com /maxguitartab/graphics back10.gif
2006.02.26 18:06 B d:\webstuff\valium effort\tab\graphics\back10.gif --> ftp.maxguitartab.com /maxguitartab/graphics back10.gif
2006.02.26 18:06 B d:\webstuff\valium effort\tab\graphics\hendrix.jpg --> ftp.maxguitartab.com /maxguitartab/graphics hendrix.jpg
2006.02.26 18:16 B d:\webstuff\valium effort\tab\graphics\back7.gif --> ftp.maxguitartab.com /maxguitartab/graphics back7.gif
2006.02.26 18:18 B d:\webstuff\valium effort\tab\graphics\back10.gif --> ftp.maxguitartab.com /maxguitartab/graphics back10.gif
2006.02.26 18:21 B d:\webstuff\valium effort\tab\graphics\blind_blake_pencil.jpg --> ftp.maxguitartab.com /maxguitartab/graphics blind_blake_pencil.jpg
2006.02.26 23:37 B d:\webstuff\valium effort\tab\graphics\submarine.jpg --> ftp.maxguitartab.com /maxguitartab/graphics submarine.jpg
2006.02.26 23:47 B d:\webstuff\valium effort\tab\graphics\back6.gif --> ftp.maxguitartab.com /maxguitartab/graphics back6.gif
2006.02.26 23:57 B d:\webstuff\valium effort\tab\graphics\back6.jpg --> ftp.maxguitartab.com /maxguitartab/graphics back6.jpg
2006.02.27 00:26 B d:\webstuff\valium effort\tab\graphics\back6.jpg --> ftp.maxguitartab.com /maxguitartab/graphics back6.jpg
2006.02.27 00:31 B d:\webstuff\valium effort\tab\graphics\back7.gif --> ftp.maxguitartab.com /maxguitartab/graphics back7.gif
2006.08.16 23:44 B d:\webstuff\tab\graphics\mississippijohnhurt.jpg <-- Max Guitar Tab /maxguitartab/graphics mississippijohnhurt.jpg
2006.08.16 23:48 B d:\webstuff\tab\graphics\mississippijohnhurt2.jpg --> ftp.maxguitartab.com /maxguitartab/graphics mississippijohnhurt2.jpg
