2005.12.07 19:20 B D:\Flash\fubar\pictures\PicViewer\flash_detect.js <-- www.fubar-nyc.com /webdocs/pictures/PicViewer flash_detect.js
2005.12.07 19:20 B D:\Flash\fubar\pictures\PicViewer\get_flash_player.gif <-- www.fubar-nyc.com /webdocs/pictures/PicViewer get_flash_player.gif
2005.12.07 19:20 B D:\Flash\fubar\pictures\PicViewer\imageData.xml <-- www.fubar-nyc.com /webdocs/pictures/PicViewer imageData.xml
2005.12.07 19:20 B D:\Flash\fubar\pictures\PicViewer\index.html <-- www.fubar-nyc.com /webdocs/pictures/PicViewer index.html
2005.12.07 19:20 B D:\Flash\fubar\pictures\PicViewer\readme.txt <-- www.fubar-nyc.com /webdocs/pictures/PicViewer readme.txt
2005.12.07 19:20 B D:\Flash\fubar\pictures\PicViewer\upgrade.html <-- www.fubar-nyc.com /webdocs/pictures/PicViewer upgrade.html
2005.12.07 19:20 B D:\Flash\fubar\pictures\PicViewer\viewer.swf <-- www.fubar-nyc.com /webdocs/pictures/PicViewer viewer.swf
2005.12.07 20:34 B D:\Flash\fubar\pictures\PicViewer\imageData.xml <-- www.fubar-nyc.com /webdocs/pictures/PicViewer imageData.xml
2005.12.07 20:38 B D:\Flash\fubar\pictures\PicViewer\imageData.xml --> ftp-dom.earthlink.net /webdocs/pictures/PicViewer imageData.xml
2005.12.08 11:59 A D:\WebStuff\Fubar\pictures\PicViewer\gallery.htm --> ftp-dom.earthlink.net /webdocs/pictures/PicViewer gallery.htm
2005.12.08 12:01 A D:\WebStuff\Fubar\pictures\PicViewer\gallery.htm --> ftp-dom.earthlink.net /webdocs/pictures/PicViewer gallery.htm
2005.12.08 12:03 A D:\WebStuff\Fubar\pictures\PicViewer\imageData.xml --> ftp-dom.earthlink.net /webdocs/pictures/PicViewer imageData.xml
2005.12.08 12:22 A D:\WebStuff\Fubar\pictures\PicViewer\gallery.htm --> ftp-dom.earthlink.net /webdocs/pictures/PicViewer gallery.htm
2005.12.08 12:36 A D:\WebStuff\Fubar\pictures\PicViewer\imageData.xml --> ftp-dom.earthlink.net /webdocs/pictures imageData.xml
2005.12.08 12:41 A D:\WebStuff\Fubar\pictures\PicViewer\imageData.xml --> ftp-dom.earthlink.net /webdocs/pictures/PicViewer imageData.xml
2005.12.08 12:42 A D:\WebStuff\Fubar\pictures\PicViewer\imageData.xml --> ftp-dom.earthlink.net /webdocs/pictures/PicViewer imageData.xml
2005.12.08 15:23 A D:\WebStuff\Fubar\pictures\PicViewer\imageData.xml --> ftp-dom.earthlink.net /webdocs/pictures/PicViewer imageData.xml
2006.04.22 18:43 A D:\WebStuff\Fubar\pictures\PicViewer\imageData.xml <-- www.fubar-nyc.com /webdocs/pictures/PicViewer imageData.xml
2006.04.22 18:47 A D:\WebStuff\Fubar\pictures\PicViewer\imageData.xml --> ftp-dom.earthlink.net /webdocs/pictures/PicViewer imageData.xml
2006.04.22 18:55 A D:\WebStuff\Fubar\pictures\PicViewer\imageData.xml --> ftp-dom.earthlink.net /webdocs/pictures/PicViewer imageData.xml
2006.08.23 00:23 A D:\WebStuff\Fubar\pictures\PicViewer\imageData.xml --> ftp-dom.earthlink.net /webdocs/pictures/PicViewer imageData.xml
2006.09.23 14:37 A D:\WebStuff\Fubar\pictures\PicViewer\imageData.xml <-- www.fubar-nyc.com /webdocs/pictures/PicViewer imageData.xml
2006.09.23 14:38 B D:\WebStuff\Fubar\pictures\PicViewer\imageData.xml --> ftp-dom.earthlink.net /webdocs/pictures/PicViewer imageData.xml
2006.09.23 14:38 A D:\WebStuff\Fubar\pictures\PicViewer\imageData.xml --> ftp-dom.earthlink.net /webdocs/pictures/PicViewer imageData.xml
2006.09.26 00:32 A D:\WebStuff\Fubar\pictures\PicViewer\imageData.xml --> ftp-dom.earthlink.net /webdocs/pictures/PicViewer imageData.xml
