2003.05.01 15:50 B D:\Valium Effort\tab\text\14thst.txt --> ftp-dom.earthlink.net /webdocs/tab/text 14thst.txt
2003.05.01 15:50 A D:\Valium Effort\tab\text\1983.txt --> ftp-dom.earthlink.net /webdocs/tab/text 1983.txt
2003.05.01 15:50 A D:\Valium Effort\tab\text\adelita.txt --> ftp-dom.earthlink.net /webdocs/tab/text adelita.txt
2003.05.01 15:50 A D:\Valium Effort\tab\text\allmy.txt --> ftp-dom.earthlink.net /webdocs/tab/text allmy.txt
2003.05.01 15:50 A D:\Valium Effort\tab\text\andilove.txt --> ftp-dom.earthlink.net /webdocs/tab/text andilove.txt
2003.05.01 15:50 A D:\Valium Effort\tab\text\andyour.txt --> ftp-dom.earthlink.net /webdocs/tab/text andyour.txt
2003.05.01 15:50 A D:\Valium Effort\tab\text\angel.txt --> ftp-dom.earthlink.net /webdocs/tab/text angel.txt
2003.05.01 15:50 A D:\Valium Effort\tab\text\areyouexp.txt --> ftp-dom.earthlink.net /webdocs/tab/text areyouexp.txt
2003.05.01 15:50 A D:\Valium Effort\tab\text\auldlangsyne.txt --> ftp-dom.earthlink.net /webdocs/tab/text auldlangsyne.txt
2003.05.01 15:50 A D:\Valium Effort\tab\text\axis.txt --> ftp-dom.earthlink.net /webdocs/tab/text axis.txt
2003.05.01 15:51 A D:\Valium Effort\tab\text\bakerstreet.txt --> ftp-dom.earthlink.net /webdocs/tab/text bakerstreet.txt
2003.05.01 15:51 A D:\Valium Effort\tab\text\beck1.txt --> ftp-dom.earthlink.net /webdocs/tab/text beck1.txt
2003.05.01 15:51 A D:\Valium Effort\tab\text\beck2.txt --> ftp-dom.earthlink.net /webdocs/tab/text beck2.txt
2003.05.01 15:51 A D:\Valium Effort\tab\text\beck3.txt --> ftp-dom.earthlink.net /webdocs/tab/text beck3.txt
2003.05.01 15:51 A D:\Valium Effort\tab\text\beck4.txt --> ftp-dom.earthlink.net /webdocs/tab/text beck4.txt
2003.05.01 15:51 A D:\Valium Effort\tab\text\beck5.txt --> ftp-dom.earthlink.net /webdocs/tab/text beck5.txt
2003.05.01 15:51 A D:\Valium Effort\tab\text\bidingtime.txt --> ftp-dom.earthlink.net /webdocs/tab/text bidingtime.txt
2003.05.01 15:51 A D:\Valium Effort\tab\text\birthday.txt --> ftp-dom.earthlink.net /webdocs/tab/text birthday.txt
2003.05.01 15:51 A D:\Valium Effort\tab\text\blackbird.txt --> ftp-dom.earthlink.net /webdocs/tab/text blackbird.txt
2003.05.01 15:51 A D:\Valium Effort\tab\text\blake.txt --> ftp-dom.earthlink.net /webdocs/tab/text blake.txt
2003.05.01 15:51 A D:\Valium Effort\tab\text\blake2.txt --> ftp-dom.earthlink.net /webdocs/tab/text blake2.txt
2003.05.01 15:51 A D:\Valium Effort\tab\text\blueonblack.txt --> ftp-dom.earthlink.net /webdocs/tab/text blueonblack.txt
2003.05.01 15:52 A D:\Valium Effort\tab\text\bohemian.txt --> ftp-dom.earthlink.net /webdocs/tab/text bohemian.txt
2003.05.01 15:52 A D:\Valium Effort\tab\text\born.txt --> ftp-dom.earthlink.net /webdocs/tab/text born.txt
2003.05.01 15:52 A D:\Valium Effort\tab\text\boureepiano.txt --> ftp-dom.earthlink.net /webdocs/tab/text boureepiano.txt
2003.05.01 15:52 A D:\Valium Effort\tab\text\bourree.txt --> ftp-dom.earthlink.net /webdocs/tab/text bourree.txt
2003.05.01 15:52 A D:\Valium Effort\tab\text\burning.txt --> ftp-dom.earthlink.net /webdocs/tab/text burning.txt
2003.05.01 15:52 A D:\Valium Effort\tab\text\burninglamp.txt --> ftp-dom.earthlink.net /webdocs/tab/text burninglamp.txt
2003.05.01 15:52 A D:\Valium Effort\tab\text\capricho.txt --> ftp-dom.earthlink.net /webdocs/tab/text capricho.txt
2003.05.01 15:52 A D:\Valium Effort\tab\text\castles.txt --> ftp-dom.earthlink.net /webdocs/tab/text castles.txt
2003.05.01 15:52 A D:\Valium Effort\tab\text\chameleon.txt --> ftp-dom.earthlink.net /webdocs/tab/text chameleon.txt
2003.05.01 15:52 A D:\Valium Effort\tab\text\come.txt --> ftp-dom.earthlink.net /webdocs/tab/text come.txt
2003.05.01 15:52 A D:\Valium Effort\tab\text\coming.txt --> ftp-dom.earthlink.net /webdocs/tab/text coming.txt
2003.05.01 15:52 A D:\Valium Effort\tab\text\cross.txt --> ftp-dom.earthlink.net /webdocs/tab/text cross.txt
2003.05.01 15:52 A D:\Valium Effort\tab\text\daisy.txt --> ftp-dom.earthlink.net /webdocs/tab/text daisy.txt
2003.05.01 15:53 A D:\Valium Effort\tab\text\demchanges.txt --> ftp-dom.earthlink.net /webdocs/tab/text demchanges.txt
2003.05.01 15:53 A D:\Valium Effort\tab\text\deserted.txt --> ftp-dom.earthlink.net /webdocs/tab/text deserted.txt
2003.05.01 15:53 A D:\Valium Effort\tab\text\desolation.txt --> ftp-dom.earthlink.net /webdocs/tab/text desolation.txt
2003.05.01 15:53 A D:\Valium Effort\tab\text\disraeli.txt --> ftp-dom.earthlink.net /webdocs/tab/text disraeli.txt
2003.05.01 15:53 A D:\Valium Effort\tab\text\disraeli2.txt --> ftp-dom.earthlink.net /webdocs/tab/text disraeli2.txt
2003.05.01 15:53 A D:\Valium Effort\tab\text\doc.txt --> ftp-dom.earthlink.net /webdocs/tab/text doc.txt
2003.05.01 15:53 A D:\Valium Effort\tab\text\doc2.txt --> ftp-dom.earthlink.net /webdocs/tab/text doc2.txt
2003.05.01 15:53 A D:\Valium Effort\tab\text\dolly.txt --> ftp-dom.earthlink.net /webdocs/tab/text dolly.txt
2003.05.01 15:53 A D:\Valium Effort\tab\text\dontlet.txt --> ftp-dom.earthlink.net /webdocs/tab/text dontlet.txt
2003.05.01 15:53 A D:\Valium Effort\tab\text\dontpass.txt --> ftp-dom.earthlink.net /webdocs/tab/text dontpass.txt
2003.05.01 15:53 A D:\Valium Effort\tab\text\doyoufeel.txt --> ftp-dom.earthlink.net /webdocs/tab/text doyoufeel.txt
2003.05.01 15:53 A D:\Valium Effort\tab\text\drifting.txt --> ftp-dom.earthlink.net /webdocs/tab/text drifting.txt
2003.05.01 15:53 A D:\Valium Effort\tab\text\drivemy.txt --> ftp-dom.earthlink.net /webdocs/tab/text drivemy.txt
2003.05.01 15:54 A D:\Valium Effort\tab\text\driving.txt --> ftp-dom.earthlink.net /webdocs/tab/text driving.txt
2003.05.01 15:54 A D:\Valium Effort\tab\text\easyride.txt --> ftp-dom.earthlink.net /webdocs/tab/text easyride.txt
2003.05.01 15:54 A D:\Valium Effort\tab\text\electric.txt --> ftp-dom.earthlink.net /webdocs/tab/text electric.txt
2003.05.01 15:54 A D:\Valium Effort\tab\text\ezyride.txt --> ftp-dom.earthlink.net /webdocs/tab/text ezyride.txt
2003.05.01 15:54 A D:\Valium Effort\tab\text\fire.txt --> ftp-dom.earthlink.net /webdocs/tab/text fire.txt
2003.05.01 15:54 A D:\Valium Effort\tab\text\floating.txt --> ftp-dom.earthlink.net /webdocs/tab/text floating.txt
2003.05.01 15:54 A D:\Valium Effort\tab\text\flying.txt --> ftp-dom.earthlink.net /webdocs/tab/text flying.txt
2003.05.01 15:54 A D:\Valium Effort\tab\text\foryou.txt --> ftp-dom.earthlink.net /webdocs/tab/text foryou.txt
2003.05.01 15:54 A D:\Valium Effort\tab\text\four.txt --> ftp-dom.earthlink.net /webdocs/tab/text four.txt
2003.05.01 15:54 A D:\Valium Effort\tab\text\foxylady.txt --> ftp-dom.earthlink.net /webdocs/tab/text foxylady.txt
2003.05.01 15:54 A D:\Valium Effort\tab\text\frankenstein.txt --> ftp-dom.earthlink.net /webdocs/tab/text frankenstein.txt
2003.05.01 15:54 A D:\Valium Effort\tab\text\freedom.txt --> ftp-dom.earthlink.net /webdocs/tab/text freedom.txt
2003.05.01 15:54 A D:\Valium Effort\tab\text\freefour.txt --> ftp-dom.earthlink.net /webdocs/tab/text freefour.txt
2003.05.01 15:55 A D:\Valium Effort\tab\text\friend.txt --> ftp-dom.earthlink.net /webdocs/tab/text friend.txt
2003.05.01 15:55 A D:\Valium Effort\tab\text\garcia.txt --> ftp-dom.earthlink.net /webdocs/tab/text garcia.txt
2003.05.01 15:55 A D:\Valium Effort\tab\text\garcia2.txt --> ftp-dom.earthlink.net /webdocs/tab/text garcia2.txt
2003.05.01 15:55 A D:\Valium Effort\tab\text\girlIlove.txt --> ftp-dom.earthlink.net /webdocs/tab/text girlIlove.txt
2003.05.01 15:55 A D:\Valium Effort\tab\text\grateful.txt --> ftp-dom.earthlink.net /webdocs/tab/text grateful.txt
2003.05.01 15:55 A D:\Valium Effort\tab\text\grateful2.txt --> ftp-dom.earthlink.net /webdocs/tab/text grateful2.txt
2003.05.01 15:55 A D:\Valium Effort\tab\text\greenonions.txt --> ftp-dom.earthlink.net /webdocs/tab/text greenonions.txt
2003.05.01 15:55 A D:\Valium Effort\tab\text\gypsy.txt --> ftp-dom.earthlink.net /webdocs/tab/text gypsy.txt
2003.05.01 15:55 A D:\Valium Effort\tab\text\hardday.txt --> ftp-dom.earthlink.net /webdocs/tab/text hardday.txt
2003.05.01 15:55 A D:\Valium Effort\tab\text\harlem.txt --> ftp-dom.earthlink.net /webdocs/tab/text harlem.txt
2003.05.01 15:55 A D:\Valium Effort\tab\text\herecomes.txt --> ftp-dom.earthlink.net /webdocs/tab/text herecomes.txt
2003.05.01 15:55 A D:\Valium Effort\tab\text\hermajesty.txt --> ftp-dom.earthlink.net /webdocs/tab/text hermajesty.txt
2003.05.01 15:56 A D:\Valium Effort\tab\text\heybaby.txt --> ftp-dom.earthlink.net /webdocs/tab/text heybaby.txt
2003.05.01 15:56 A D:\Valium Effort\tab\text\heyjoe.txt --> ftp-dom.earthlink.net /webdocs/tab/text heyjoe.txt
2003.05.01 15:56 A D:\Valium Effort\tab\text\hiphugher.txt --> ftp-dom.earthlink.net /webdocs/tab/text hiphugher.txt
2003.05.01 15:56 A D:\Valium Effort\tab\text\hiway.txt --> ftp-dom.earthlink.net /webdocs/tab/text hiway.txt
2003.05.01 15:56 A D:\Valium Effort\tab\text\if6was9.txt --> ftp-dom.earthlink.net /webdocs/tab/text if6was9.txt
2003.05.01 15:56 A D:\Valium Effort\tab\text\ifeelfree.txt --> ftp-dom.earthlink.net /webdocs/tab/text ifeelfree.txt
2003.05.01 15:56 A D:\Valium Effort\tab\text\ifyouwant.txt --> ftp-dom.earthlink.net /webdocs/tab/text ifyouwant.txt
2003.05.01 15:56 A D:\Valium Effort\tab\text\iwanna.txt --> ftp-dom.earthlink.net /webdocs/tab/text iwanna.txt
2003.05.01 15:56 A D:\Valium Effort\tab\text\iwantu.txt --> ftp-dom.earthlink.net /webdocs/tab/text iwantu.txt
2003.05.01 15:56 A D:\Valium Effort\tab\text\izabella.txt --> ftp-dom.earthlink.net /webdocs/tab/text izabella.txt
2003.05.01 15:56 A D:\Valium Effort\tab\text\jesus.txt --> ftp-dom.earthlink.net /webdocs/tab/text jesus.txt
2003.05.01 15:56 A D:\Valium Effort\tab\text\johnnyb.txt --> ftp-dom.earthlink.net /webdocs/tab/text johnnyb.txt
2003.05.01 15:56 A D:\Valium Effort\tab\text\junglelove.txt --> ftp-dom.earthlink.net /webdocs/tab/text junglelove.txt
2003.05.01 15:57 A D:\Valium Effort\tab\text\junk.txt --> ftp-dom.earthlink.net /webdocs/tab/text junk.txt
2003.05.01 15:57 A D:\Valium Effort\tab\text\killing.txt --> ftp-dom.earthlink.net /webdocs/tab/text killing.txt
2003.05.01 15:57 A D:\Valium Effort\tab\text\ladymadonna.txt --> ftp-dom.earthlink.net /webdocs/tab/text ladymadonna.txt
2003.05.01 15:57 A D:\Valium Effort\tab\text\Layla.txt --> ftp-dom.earthlink.net /webdocs/tab/text Layla.txt
2003.05.01 15:57 A D:\Valium Effort\tab\text\lemonsong.txt --> ftp-dom.earthlink.net /webdocs/tab/text lemonsong.txt
2003.05.01 15:57 A D:\Valium Effort\tab\text\letitbe.txt --> ftp-dom.earthlink.net /webdocs/tab/text letitbe.txt
2003.05.01 15:57 A D:\Valium Effort\tab\text\littlemisslover.txt --> ftp-dom.earthlink.net /webdocs/tab/text littlemisslover.txt
2003.05.01 15:57 A D:\Valium Effort\tab\text\littlemissstrange.txt --> ftp-dom.earthlink.net /webdocs/tab/text littlemissstrange.txt
2003.05.01 15:57 A D:\Valium Effort\tab\text\littlewing.txt --> ftp-dom.earthlink.net /webdocs/tab/text littlewing.txt
2003.05.01 15:57 A D:\Valium Effort\tab\text\liveandletdie.txt --> ftp-dom.earthlink.net /webdocs/tab/text liveandletdie.txt
2003.05.01 15:57 A D:\Valium Effort\tab\text\livinginpast.txt --> ftp-dom.earthlink.net /webdocs/tab/text livinginpast.txt
2003.05.01 15:57 A D:\Valium Effort\tab\text\love.txt --> ftp-dom.earthlink.net /webdocs/tab/text love.txt
2003.05.01 15:57 A D:\Valium Effort\tab\text\lovelyrita.txt --> ftp-dom.earthlink.net /webdocs/tab/text lovelyrita.txt
2003.05.01 15:58 A D:\Valium Effort\tab\text\lucy.txt --> ftp-dom.earthlink.net /webdocs/tab/text lucy.txt
2003.05.01 15:58 A D:\Valium Effort\tab\text\machinegun1.txt --> ftp-dom.earthlink.net /webdocs/tab/text machinegun1.txt
2003.05.01 15:58 A D:\Valium Effort\tab\text\machinegun2.txt --> ftp-dom.earthlink.net /webdocs/tab/text machinegun2.txt
2003.05.01 15:58 A D:\Valium Effort\tab\text\mamatoldme.txt --> ftp-dom.earthlink.net /webdocs/tab/text mamatoldme.txt
2003.05.01 15:58 A D:\Valium Effort\tab\text\manic.txt --> ftp-dom.earthlink.net /webdocs/tab/text manic.txt
2003.05.01 15:58 A D:\Valium Effort\tab\text\matador.txt --> ftp-dom.earthlink.net /webdocs/tab/text matador.txt
2003.05.01 15:58 A D:\Valium Effort\tab\text\maxwell.txt --> ftp-dom.earthlink.net /webdocs/tab/text maxwell.txt
2003.05.01 15:58 A D:\Valium Effort\tab\text\maythis.txt --> ftp-dom.earthlink.net /webdocs/tab/text maythis.txt
2003.05.01 15:58 A D:\Valium Effort\tab\text\message.txt --> ftp-dom.earthlink.net /webdocs/tab/text message.txt
2003.05.01 15:58 A D:\Valium Effort\tab\text\meters.txt --> ftp-dom.earthlink.net /webdocs/tab/text meters.txt
2003.05.01 15:58 A D:\Valium Effort\tab\text\michelle.txt --> ftp-dom.earthlink.net /webdocs/tab/text michelle.txt
2003.05.01 15:58 A D:\Valium Effort\tab\text\mindyerown.txt --> ftp-dom.earthlink.net /webdocs/tab/text mindyerown.txt
2003.05.01 15:58 A D:\Valium Effort\tab\text\minuet.txt --> ftp-dom.earthlink.net /webdocs/tab/text minuet.txt
2003.05.01 15:59 A D:\Valium Effort\tab\text\mountainking.txt --> ftp-dom.earthlink.net /webdocs/tab/text mountainking.txt
2003.05.01 15:59 A D:\Valium Effort\tab\text\musette.txt --> ftp-dom.earthlink.net /webdocs/tab/text musette.txt
2003.05.01 15:59 A D:\Valium Effort\tab\text\nightbird.txt --> ftp-dom.earthlink.net /webdocs/tab/text nightbird.txt
2003.05.01 15:59 A D:\Valium Effort\tab\text\nsu.txt --> ftp-dom.earthlink.net /webdocs/tab/text nsu.txt
2003.05.01 15:59 A D:\Valium Effort\tab\text\octopuss.txt --> ftp-dom.earthlink.net /webdocs/tab/text octopuss.txt
2003.05.01 15:59 A D:\Valium Effort\tab\text\onlyrock.txt --> ftp-dom.earthlink.net /webdocs/tab/text onlyrock.txt
2003.05.01 15:59 A D:\Valium Effort\tab\text\paligap.txt --> ftp-dom.earthlink.net /webdocs/tab/text paligap.txt
2003.05.01 15:59 A D:\Valium Effort\tab\text\piggies.txt --> ftp-dom.earthlink.net /webdocs/tab/text piggies.txt
2003.05.01 15:59 A D:\Valium Effort\tab\text\please.txt --> ftp-dom.earthlink.net /webdocs/tab/text please.txt
2003.05.01 15:59 A D:\Valium Effort\tab\text\pleasecrawl.txt --> ftp-dom.earthlink.net /webdocs/tab/text pleasecrawl.txt
2003.05.01 15:59 A D:\Valium Effort\tab\text\politician.txt --> ftp-dom.earthlink.net /webdocs/tab/text politician.txt
2003.05.01 15:59 A D:\Valium Effort\tab\text\power.txt --> ftp-dom.earthlink.net /webdocs/tab/text power.txt
2003.05.01 16:00 A D:\Valium Effort\tab\text\powerbass.txt --> ftp-dom.earthlink.net /webdocs/tab/text powerbass.txt
2003.05.01 16:00 A D:\Valium Effort\tab\text\purple.txt --> ftp-dom.earthlink.net /webdocs/tab/text purple.txt
2003.05.01 16:00 A D:\Valium Effort\tab\text\rainbow.txt --> ftp-dom.earthlink.net /webdocs/tab/text rainbow.txt
2003.05.01 16:00 A D:\Valium Effort\tab\text\rainy.txt --> ftp-dom.earthlink.net /webdocs/tab/text rainy.txt
2003.05.01 16:00 A D:\Valium Effort\tab\text\rainywish.txt --> ftp-dom.earthlink.net /webdocs/tab/text rainywish.txt
2003.05.01 16:00 A D:\Valium Effort\tab\text\ramblin.txt --> ftp-dom.earthlink.net /webdocs/tab/text ramblin.txt
2003.05.01 16:00 A D:\Valium Effort\tab\text\redhouse.txt --> ftp-dom.earthlink.net /webdocs/tab/text redhouse.txt
2003.05.01 16:00 A D:\Valium Effort\tab\text\reefer.txt --> ftp-dom.earthlink.net /webdocs/tab/text reefer.txt
2003.05.01 16:00 A D:\Valium Effort\tab\text\revolution.txt --> ftp-dom.earthlink.net /webdocs/tab/text revolution.txt
2003.05.01 16:00 A D:\Valium Effort\tab\text\rockme.txt --> ftp-dom.earthlink.net /webdocs/tab/text rockme.txt
2003.05.01 16:00 A D:\Valium Effort\tab\text\rollingstone.txt --> ftp-dom.earthlink.net /webdocs/tab/text rollingstone.txt
2003.05.01 16:00 A D:\Valium Effort\tab\text\rondo.txt --> ftp-dom.earthlink.net /webdocs/tab/text rondo.txt
2003.05.01 16:00 A D:\Valium Effort\tab\text\sandman.txt --> ftp-dom.earthlink.net /webdocs/tab/text sandman.txt
2003.05.01 16:00 A D:\Valium Effort\tab\text\santana.txt --> ftp-dom.earthlink.net /webdocs/tab/text santana.txt
2003.05.01 16:01 A D:\Valium Effort\tab\text\sgtpepper.txt --> ftp-dom.earthlink.net /webdocs/tab/text sgtpepper.txt
2003.05.01 16:01 A D:\Valium Effort\tab\text\sheloves.txt --> ftp-dom.earthlink.net /webdocs/tab/text sheloves.txt
2003.05.01 16:01 A D:\Valium Effort\tab\text\since.txt --> ftp-dom.earthlink.net /webdocs/tab/text since.txt
2003.05.01 16:01 A D:\Valium Effort\tab\text\sirdukebass.txt --> ftp-dom.earthlink.net /webdocs/tab/text sirdukebass.txt
2003.05.01 16:01 A D:\Valium Effort\tab\text\sitting.txt --> ftp-dom.earthlink.net /webdocs/tab/text sitting.txt
2003.05.01 16:01 A D:\Valium Effort\tab\text\something.txt --> ftp-dom.earthlink.net /webdocs/tab/text something.txt
2003.05.01 16:01 A D:\Valium Effort\tab\text\somethingbass.txt --> ftp-dom.earthlink.net /webdocs/tab/text somethingbass.txt
2003.05.01 16:01 A D:\Valium Effort\tab\text\spanish.txt --> ftp-dom.earthlink.net /webdocs/tab/text spanish.txt
2003.05.01 16:01 A D:\Valium Effort\tab\text\srv.txt --> ftp-dom.earthlink.net /webdocs/tab/text srv.txt
2003.05.01 16:01 A D:\Valium Effort\tab\text\stonefree.txt --> ftp-dom.earthlink.net /webdocs/tab/text stonefree.txt
2003.05.01 16:01 A D:\Valium Effort\tab\text\stop.txt --> ftp-dom.earthlink.net /webdocs/tab/text stop.txt
2003.05.01 16:02 A D:\Valium Effort\tab\text\straightahead.txt --> ftp-dom.earthlink.net /webdocs/tab/text straightahead.txt
2003.05.01 16:02 A D:\Valium Effort\tab\text\strawberry.txt --> ftp-dom.earthlink.net /webdocs/tab/text strawberry.txt
2003.05.01 16:02 A D:\Valium Effort\tab\text\stthomas.txt --> ftp-dom.earthlink.net /webdocs/tab/text stthomas.txt
2003.05.01 16:02 A D:\Valium Effort\tab\text\sweetlord.txt --> ftp-dom.earthlink.net /webdocs/tab/text sweetlord.txt
2003.05.01 16:02 A D:\Valium Effort\tab\text\testify.txt --> ftp-dom.earthlink.net /webdocs/tab/text testify.txt
2003.05.01 16:02 A D:\Valium Effort\tab\text\theword.txt --> ftp-dom.earthlink.net /webdocs/tab/text theword.txt
2003.05.01 16:02 A D:\Valium Effort\tab\text\thirdstone.txt --> ftp-dom.earthlink.net /webdocs/tab/text thirdstone.txt
2003.05.01 16:02 A D:\Valium Effort\tab\text\threelilbears.txt --> ftp-dom.earthlink.net /webdocs/tab/text threelilbears.txt
2003.05.01 16:02 A D:\Valium Effort\tab\text\tuna.txt --> ftp-dom.earthlink.net /webdocs/tab/text tuna.txt
2003.05.01 16:02 A D:\Valium Effort\tab\text\tuna2.txt --> ftp-dom.earthlink.net /webdocs/tab/text tuna2.txt
2003.05.01 16:02 A D:\Valium Effort\tab\text\valleys.txt --> ftp-dom.earthlink.net /webdocs/tab/text valleys.txt
2003.05.01 16:02 A D:\Valium Effort\tab\text\villanova.txt --> ftp-dom.earthlink.net /webdocs/tab/text villanova.txt
2003.05.01 16:02 A D:\Valium Effort\tab\text\voodoo.txt --> ftp-dom.earthlink.net /webdocs/tab/text voodoo.txt
2003.05.01 16:03 A D:\Valium Effort\tab\text\voodooslight.txt --> ftp-dom.earthlink.net /webdocs/tab/text voodooslight.txt
2003.05.01 16:03 A D:\Valium Effort\tab\text\wait.txt --> ftp-dom.earthlink.net /webdocs/tab/text wait.txt
2003.05.01 16:03 A D:\Valium Effort\tab\text\wantu2wantme.txt --> ftp-dom.earthlink.net /webdocs/tab/text wantu2wantme.txt
2003.05.01 16:03 A D:\Valium Effort\tab\text\watchtower.txt --> ftp-dom.earthlink.net /webdocs/tab/text watchtower.txt
2003.05.01 16:03 A D:\Valium Effort\tab\text\while.txt --> ftp-dom.earthlink.net /webdocs/tab/text while.txt
2003.05.01 16:03 A D:\Valium Effort\tab\text\whippingpost.txt --> ftp-dom.earthlink.net /webdocs/tab/text whippingpost.txt
2003.05.01 16:03 A D:\Valium Effort\tab\text\whiteroom.txt --> ftp-dom.earthlink.net /webdocs/tab/text whiteroom.txt
2003.05.01 16:03 A D:\Valium Effort\tab\text\wind.txt --> ftp-dom.earthlink.net /webdocs/tab/text wind.txt
2003.05.01 16:03 A D:\Valium Effort\tab\text\yerblues.txt --> ftp-dom.earthlink.net /webdocs/tab/text yerblues.txt
2003.05.02 15:01 B D:\Valium Effort\tab\text\disclaimer.txt --> ftp-dom.earthlink.net /webdocs/tab/text disclaimer.txt
2003.05.02 15:02 B D:\Valium Effort\tab\text\tabprimer.txt --> ftp-dom.earthlink.net /webdocs/tab/text tabprimer.txt
2006.02.23 00:33 A D:\webstuff\Valium Effort\tab\text\14thst.txt --> ftp.maxguitartab.com /maxguitartab/text 14thst.txt
2006.02.23 00:33 A D:\webstuff\Valium Effort\tab\text\1983.txt --> ftp.maxguitartab.com /maxguitartab/text 1983.txt
2006.02.23 00:33 A D:\webstuff\Valium Effort\tab\text\adelita.txt --> ftp.maxguitartab.com /maxguitartab/text adelita.txt
2006.02.23 00:33 A D:\webstuff\Valium Effort\tab\text\allmy.txt --> ftp.maxguitartab.com /maxguitartab/text allmy.txt
2006.02.23 00:33 A D:\webstuff\Valium Effort\tab\text\andilove.txt --> ftp.maxguitartab.com /maxguitartab/text andilove.txt
2006.02.23 00:33 A D:\webstuff\Valium Effort\tab\text\andyour.txt --> ftp.maxguitartab.com /maxguitartab/text andyour.txt
2006.02.23 00:33 A D:\webstuff\Valium Effort\tab\text\angel.txt --> ftp.maxguitartab.com /maxguitartab/text angel.txt
2006.02.23 00:33 A D:\webstuff\Valium Effort\tab\text\areyouexp.txt --> ftp.maxguitartab.com /maxguitartab/text areyouexp.txt
2006.02.23 00:33 A D:\webstuff\Valium Effort\tab\text\auldlangsyne.txt --> ftp.maxguitartab.com /maxguitartab/text auldlangsyne.txt
2006.02.23 00:33 A D:\webstuff\Valium Effort\tab\text\axis.txt --> ftp.maxguitartab.com /maxguitartab/text axis.txt
2006.02.23 00:33 A D:\webstuff\Valium Effort\tab\text\bakerstreet.txt --> ftp.maxguitartab.com /maxguitartab/text bakerstreet.txt
2006.02.23 00:33 A D:\webstuff\Valium Effort\tab\text\beck1.txt --> ftp.maxguitartab.com /maxguitartab/text beck1.txt
2006.02.23 00:34 A D:\webstuff\Valium Effort\tab\text\beck2.txt --> ftp.maxguitartab.com /maxguitartab/text beck2.txt
2006.02.23 00:34 A D:\webstuff\Valium Effort\tab\text\beck3.txt --> ftp.maxguitartab.com /maxguitartab/text beck3.txt
2006.02.23 00:34 A D:\webstuff\Valium Effort\tab\text\beck4.txt --> ftp.maxguitartab.com /maxguitartab/text beck4.txt
2006.02.23 00:34 A D:\webstuff\Valium Effort\tab\text\beck5.txt --> ftp.maxguitartab.com /maxguitartab/text beck5.txt
2006.02.23 00:34 A D:\webstuff\Valium Effort\tab\text\bidingtime.txt --> ftp.maxguitartab.com /maxguitartab/text bidingtime.txt
2006.02.23 00:34 A D:\webstuff\Valium Effort\tab\text\birthday.txt --> ftp.maxguitartab.com /maxguitartab/text birthday.txt
2006.02.23 00:34 A D:\webstuff\Valium Effort\tab\text\blackbird.txt --> ftp.maxguitartab.com /maxguitartab/text blackbird.txt
2006.02.23 00:34 A D:\webstuff\Valium Effort\tab\text\blake.txt --> ftp.maxguitartab.com /maxguitartab/text blake.txt
2006.02.23 00:34 A D:\webstuff\Valium Effort\tab\text\blake2.txt --> ftp.maxguitartab.com /maxguitartab/text blake2.txt
2006.02.23 00:34 A D:\webstuff\Valium Effort\tab\text\blueonblack.txt --> ftp.maxguitartab.com /maxguitartab/text blueonblack.txt
2006.02.23 00:34 A D:\webstuff\Valium Effort\tab\text\bohemian.txt --> ftp.maxguitartab.com /maxguitartab/text bohemian.txt
2006.02.23 00:34 A D:\webstuff\Valium Effort\tab\text\born.txt --> ftp.maxguitartab.com /maxguitartab/text born.txt
2006.02.23 00:34 A D:\webstuff\Valium Effort\tab\text\boureepiano.txt --> ftp.maxguitartab.com /maxguitartab/text boureepiano.txt
2006.02.23 00:34 A D:\webstuff\Valium Effort\tab\text\bourree.txt --> ftp.maxguitartab.com /maxguitartab/text bourree.txt
2006.02.23 00:34 A D:\webstuff\Valium Effort\tab\text\burning.txt --> ftp.maxguitartab.com /maxguitartab/text burning.txt
2006.02.23 00:34 A D:\webstuff\Valium Effort\tab\text\burninglamp.txt --> ftp.maxguitartab.com /maxguitartab/text burninglamp.txt
2006.02.23 00:34 A D:\webstuff\Valium Effort\tab\text\capricho.txt --> ftp.maxguitartab.com /maxguitartab/text capricho.txt
2006.02.23 00:34 A D:\webstuff\Valium Effort\tab\text\castles.txt --> ftp.maxguitartab.com /maxguitartab/text castles.txt
2006.02.23 00:34 A D:\webstuff\Valium Effort\tab\text\chameleon.txt --> ftp.maxguitartab.com /maxguitartab/text chameleon.txt
2006.02.23 00:34 A D:\webstuff\Valium Effort\tab\text\come.txt --> ftp.maxguitartab.com /maxguitartab/text come.txt
2006.02.23 00:34 A D:\webstuff\Valium Effort\tab\text\coming.txt --> ftp.maxguitartab.com /maxguitartab/text coming.txt
2006.02.23 00:34 A D:\webstuff\Valium Effort\tab\text\cross.txt --> ftp.maxguitartab.com /maxguitartab/text cross.txt
2006.02.23 00:34 A D:\webstuff\Valium Effort\tab\text\daisy.txt --> ftp.maxguitartab.com /maxguitartab/text daisy.txt
2006.02.23 00:34 A D:\webstuff\Valium Effort\tab\text\demchanges.txt --> ftp.maxguitartab.com /maxguitartab/text demchanges.txt
2006.02.23 00:34 A D:\webstuff\Valium Effort\tab\text\deserted.txt --> ftp.maxguitartab.com /maxguitartab/text deserted.txt
2006.02.23 00:34 A D:\webstuff\Valium Effort\tab\text\desolation.txt --> ftp.maxguitartab.com /maxguitartab/text desolation.txt
2006.02.23 00:34 A D:\webstuff\Valium Effort\tab\text\disclaimer.txt --> ftp.maxguitartab.com /maxguitartab/text disclaimer.txt
2006.02.23 00:34 A D:\webstuff\Valium Effort\tab\text\disraeli.txt --> ftp.maxguitartab.com /maxguitartab/text disraeli.txt
2006.02.23 00:34 A D:\webstuff\Valium Effort\tab\text\disraeli2.txt --> ftp.maxguitartab.com /maxguitartab/text disraeli2.txt
2006.02.23 00:34 A D:\webstuff\Valium Effort\tab\text\doc.txt --> ftp.maxguitartab.com /maxguitartab/text doc.txt
2006.02.23 00:34 A D:\webstuff\Valium Effort\tab\text\doc2.txt --> ftp.maxguitartab.com /maxguitartab/text doc2.txt
2006.02.23 00:34 A D:\webstuff\Valium Effort\tab\text\dolly.txt --> ftp.maxguitartab.com /maxguitartab/text dolly.txt
2006.02.23 00:34 A D:\webstuff\Valium Effort\tab\text\dontlet.txt --> ftp.maxguitartab.com /maxguitartab/text dontlet.txt
2006.02.23 00:34 A D:\webstuff\Valium Effort\tab\text\dontpass.txt --> ftp.maxguitartab.com /maxguitartab/text dontpass.txt
2006.02.23 00:34 A D:\webstuff\Valium Effort\tab\text\doyoufeel.txt --> ftp.maxguitartab.com /maxguitartab/text doyoufeel.txt
2006.02.23 00:34 A D:\webstuff\Valium Effort\tab\text\drifting.txt --> ftp.maxguitartab.com /maxguitartab/text drifting.txt
2006.02.23 00:34 A D:\webstuff\Valium Effort\tab\text\drivemy.txt --> ftp.maxguitartab.com /maxguitartab/text drivemy.txt
2006.02.23 00:34 A D:\webstuff\Valium Effort\tab\text\driving.txt --> ftp.maxguitartab.com /maxguitartab/text driving.txt
2006.02.23 00:34 A D:\webstuff\Valium Effort\tab\text\easyride.txt --> ftp.maxguitartab.com /maxguitartab/text easyride.txt
2006.02.23 00:34 A D:\webstuff\Valium Effort\tab\text\electric.txt --> ftp.maxguitartab.com /maxguitartab/text electric.txt
2006.02.23 00:34 A D:\webstuff\Valium Effort\tab\text\ezyride.txt --> ftp.maxguitartab.com /maxguitartab/text ezyride.txt
2006.02.23 00:34 A D:\webstuff\Valium Effort\tab\text\fire.txt --> ftp.maxguitartab.com /maxguitartab/text fire.txt
2006.02.23 00:34 A D:\webstuff\Valium Effort\tab\text\floating.txt --> ftp.maxguitartab.com /maxguitartab/text floating.txt
2006.02.23 00:34 A D:\webstuff\Valium Effort\tab\text\flying.txt --> ftp.maxguitartab.com /maxguitartab/text flying.txt
2006.02.23 00:34 A D:\webstuff\Valium Effort\tab\text\foryou.txt --> ftp.maxguitartab.com /maxguitartab/text foryou.txt
2006.02.23 00:34 A D:\webstuff\Valium Effort\tab\text\four.txt --> ftp.maxguitartab.com /maxguitartab/text four.txt
2006.02.23 00:34 A D:\webstuff\Valium Effort\tab\text\foxylady.txt --> ftp.maxguitartab.com /maxguitartab/text foxylady.txt
2006.02.23 00:34 A D:\webstuff\Valium Effort\tab\text\frankenstein.txt --> ftp.maxguitartab.com /maxguitartab/text frankenstein.txt
2006.02.23 00:34 A D:\webstuff\Valium Effort\tab\text\freedom.txt --> ftp.maxguitartab.com /maxguitartab/text freedom.txt
2006.02.23 00:34 A D:\webstuff\Valium Effort\tab\text\freefour.txt --> ftp.maxguitartab.com /maxguitartab/text freefour.txt
2006.02.23 00:34 A D:\webstuff\Valium Effort\tab\text\friend.txt --> ftp.maxguitartab.com /maxguitartab/text friend.txt
2006.02.23 00:34 A D:\webstuff\Valium Effort\tab\text\garcia.txt --> ftp.maxguitartab.com /maxguitartab/text garcia.txt
2006.02.23 00:34 A D:\webstuff\Valium Effort\tab\text\garcia2.txt --> ftp.maxguitartab.com /maxguitartab/text garcia2.txt
2006.02.23 00:34 A D:\webstuff\Valium Effort\tab\text\girlIlove.txt --> ftp.maxguitartab.com /maxguitartab/text girlIlove.txt
2006.02.23 00:34 A D:\webstuff\Valium Effort\tab\text\grateful.txt --> ftp.maxguitartab.com /maxguitartab/text grateful.txt
2006.02.23 00:34 A D:\webstuff\Valium Effort\tab\text\grateful2.txt --> ftp.maxguitartab.com /maxguitartab/text grateful2.txt
2006.02.23 00:34 A D:\webstuff\Valium Effort\tab\text\greenonions.txt --> ftp.maxguitartab.com /maxguitartab/text greenonions.txt
2006.02.23 00:34 A D:\webstuff\Valium Effort\tab\text\gypsy.txt --> ftp.maxguitartab.com /maxguitartab/text gypsy.txt
2006.02.23 00:34 A D:\webstuff\Valium Effort\tab\text\hardday.txt --> ftp.maxguitartab.com /maxguitartab/text hardday.txt
2006.02.23 00:34 A D:\webstuff\Valium Effort\tab\text\harlem.txt --> ftp.maxguitartab.com /maxguitartab/text harlem.txt
2006.02.23 00:34 A D:\webstuff\Valium Effort\tab\text\herecomes.txt --> ftp.maxguitartab.com /maxguitartab/text herecomes.txt
2006.02.23 00:34 A D:\webstuff\Valium Effort\tab\text\hermajesty.txt --> ftp.maxguitartab.com /maxguitartab/text hermajesty.txt
2006.02.23 00:34 A D:\webstuff\Valium Effort\tab\text\heybaby.txt --> ftp.maxguitartab.com /maxguitartab/text heybaby.txt
2006.02.23 00:34 A D:\webstuff\Valium Effort\tab\text\heyjoe.txt --> ftp.maxguitartab.com /maxguitartab/text heyjoe.txt
2006.02.23 00:34 A D:\webstuff\Valium Effort\tab\text\hiphugher.txt --> ftp.maxguitartab.com /maxguitartab/text hiphugher.txt
2006.02.23 00:34 A D:\webstuff\Valium Effort\tab\text\hiway.txt --> ftp.maxguitartab.com /maxguitartab/text hiway.txt
2006.02.23 00:34 A D:\webstuff\Valium Effort\tab\text\if6was9.txt --> ftp.maxguitartab.com /maxguitartab/text if6was9.txt
2006.02.23 00:34 A D:\webstuff\Valium Effort\tab\text\ifeelfree.txt --> ftp.maxguitartab.com /maxguitartab/text ifeelfree.txt
2006.02.23 00:34 A D:\webstuff\Valium Effort\tab\text\ifyouwant.txt --> ftp.maxguitartab.com /maxguitartab/text ifyouwant.txt
2006.02.23 00:34 A D:\webstuff\Valium Effort\tab\text\iwanna.txt --> ftp.maxguitartab.com /maxguitartab/text iwanna.txt
2006.02.23 00:34 A D:\webstuff\Valium Effort\tab\text\iwantu.txt --> ftp.maxguitartab.com /maxguitartab/text iwantu.txt
2006.02.23 00:34 A D:\webstuff\Valium Effort\tab\text\izabella.txt --> ftp.maxguitartab.com /maxguitartab/text izabella.txt
2006.02.23 00:34 A D:\webstuff\Valium Effort\tab\text\jesus.txt --> ftp.maxguitartab.com /maxguitartab/text jesus.txt
2006.02.23 00:34 A D:\webstuff\Valium Effort\tab\text\johnnyb.txt --> ftp.maxguitartab.com /maxguitartab/text johnnyb.txt
2006.02.23 00:34 A D:\webstuff\Valium Effort\tab\text\junglelove.txt --> ftp.maxguitartab.com /maxguitartab/text junglelove.txt
2006.02.23 00:34 A D:\webstuff\Valium Effort\tab\text\junk.txt --> ftp.maxguitartab.com /maxguitartab/text junk.txt
2006.02.23 00:34 A D:\webstuff\Valium Effort\tab\text\killing.txt --> ftp.maxguitartab.com /maxguitartab/text killing.txt
2006.02.23 00:34 A D:\webstuff\Valium Effort\tab\text\ladymadonna.txt --> ftp.maxguitartab.com /maxguitartab/text ladymadonna.txt
2006.02.23 00:34 A D:\webstuff\Valium Effort\tab\text\Layla.txt --> ftp.maxguitartab.com /maxguitartab/text Layla.txt
2006.02.23 00:34 A D:\webstuff\Valium Effort\tab\text\lemonsong.txt --> ftp.maxguitartab.com /maxguitartab/text lemonsong.txt
2006.02.23 00:34 A D:\webstuff\Valium Effort\tab\text\letitbe.txt --> ftp.maxguitartab.com /maxguitartab/text letitbe.txt
2006.02.23 00:34 A D:\webstuff\Valium Effort\tab\text\littlemisslover.txt --> ftp.maxguitartab.com /maxguitartab/text littlemisslover.txt
2006.02.23 00:34 A D:\webstuff\Valium Effort\tab\text\littlemissstrange.txt --> ftp.maxguitartab.com /maxguitartab/text littlemissstrange.txt
2006.02.23 00:34 A D:\webstuff\Valium Effort\tab\text\littlewing.txt --> ftp.maxguitartab.com /maxguitartab/text littlewing.txt
2006.02.23 00:34 A D:\webstuff\Valium Effort\tab\text\liveandletdie.txt --> ftp.maxguitartab.com /maxguitartab/text liveandletdie.txt
2006.02.23 00:34 A D:\webstuff\Valium Effort\tab\text\livinginpast.txt --> ftp.maxguitartab.com /maxguitartab/text livinginpast.txt
2006.02.23 00:34 A D:\webstuff\Valium Effort\tab\text\love.txt --> ftp.maxguitartab.com /maxguitartab/text love.txt
2006.02.23 00:34 A D:\webstuff\Valium Effort\tab\text\lovelyrita.txt --> ftp.maxguitartab.com /maxguitartab/text lovelyrita.txt
2006.02.23 00:34 A D:\webstuff\Valium Effort\tab\text\lucy.txt --> ftp.maxguitartab.com /maxguitartab/text lucy.txt
2006.02.23 00:34 A D:\webstuff\Valium Effort\tab\text\machinegun1.txt --> ftp.maxguitartab.com /maxguitartab/text machinegun1.txt
2006.02.23 00:34 A D:\webstuff\Valium Effort\tab\text\machinegun2.txt --> ftp.maxguitartab.com /maxguitartab/text machinegun2.txt
2006.02.23 00:34 A D:\webstuff\Valium Effort\tab\text\mamatoldme.txt --> ftp.maxguitartab.com /maxguitartab/text mamatoldme.txt
2006.02.23 00:34 A D:\webstuff\Valium Effort\tab\text\manic.txt --> ftp.maxguitartab.com /maxguitartab/text manic.txt
2006.02.23 00:34 A D:\webstuff\Valium Effort\tab\text\matador.txt --> ftp.maxguitartab.com /maxguitartab/text matador.txt
2006.02.23 00:34 A D:\webstuff\Valium Effort\tab\text\maxwell.txt --> ftp.maxguitartab.com /maxguitartab/text maxwell.txt
2006.02.23 00:34 A D:\webstuff\Valium Effort\tab\text\maythis.txt --> ftp.maxguitartab.com /maxguitartab/text maythis.txt
2006.02.23 00:34 A D:\webstuff\Valium Effort\tab\text\message.txt --> ftp.maxguitartab.com /maxguitartab/text message.txt
2006.02.23 00:34 A D:\webstuff\Valium Effort\tab\text\meters.txt --> ftp.maxguitartab.com /maxguitartab/text meters.txt
2006.02.23 00:34 A D:\webstuff\Valium Effort\tab\text\michelle.txt --> ftp.maxguitartab.com /maxguitartab/text michelle.txt
2006.02.23 00:34 A D:\webstuff\Valium Effort\tab\text\mindyerown.txt --> ftp.maxguitartab.com /maxguitartab/text mindyerown.txt
2006.02.23 00:34 A D:\webstuff\Valium Effort\tab\text\minuet.txt --> ftp.maxguitartab.com /maxguitartab/text minuet.txt
2006.02.23 00:34 A D:\webstuff\Valium Effort\tab\text\mountainking.txt --> ftp.maxguitartab.com /maxguitartab/text mountainking.txt
2006.02.23 00:34 A D:\webstuff\Valium Effort\tab\text\musette.txt --> ftp.maxguitartab.com /maxguitartab/text musette.txt
2006.02.23 00:34 A D:\webstuff\Valium Effort\tab\text\nightbird.txt --> ftp.maxguitartab.com /maxguitartab/text nightbird.txt
2006.02.23 00:35 A D:\webstuff\Valium Effort\tab\text\nsu.txt --> ftp.maxguitartab.com /maxguitartab/text nsu.txt
2006.02.23 00:35 A D:\webstuff\Valium Effort\tab\text\octopuss.txt --> ftp.maxguitartab.com /maxguitartab/text octopuss.txt
2006.02.23 00:35 A D:\webstuff\Valium Effort\tab\text\onlyrock.txt --> ftp.maxguitartab.com /maxguitartab/text onlyrock.txt
2006.02.23 00:35 A D:\webstuff\Valium Effort\tab\text\paligap.txt --> ftp.maxguitartab.com /maxguitartab/text paligap.txt
2006.02.23 00:35 A D:\webstuff\Valium Effort\tab\text\piggies.txt --> ftp.maxguitartab.com /maxguitartab/text piggies.txt
2006.02.23 00:35 A D:\webstuff\Valium Effort\tab\text\please.txt --> ftp.maxguitartab.com /maxguitartab/text please.txt
2006.02.23 00:35 A D:\webstuff\Valium Effort\tab\text\pleasecrawl.txt --> ftp.maxguitartab.com /maxguitartab/text pleasecrawl.txt
2006.02.23 00:35 A D:\webstuff\Valium Effort\tab\text\politician.txt --> ftp.maxguitartab.com /maxguitartab/text politician.txt
2006.02.23 00:35 A D:\webstuff\Valium Effort\tab\text\power.txt --> ftp.maxguitartab.com /maxguitartab/text power.txt
2006.02.23 00:35 A D:\webstuff\Valium Effort\tab\text\powerbass.txt --> ftp.maxguitartab.com /maxguitartab/text powerbass.txt
2006.02.23 00:35 A D:\webstuff\Valium Effort\tab\text\purple.txt --> ftp.maxguitartab.com /maxguitartab/text purple.txt
2006.02.23 00:35 A D:\webstuff\Valium Effort\tab\text\rainbow.txt --> ftp.maxguitartab.com /maxguitartab/text rainbow.txt
2006.02.23 00:35 A D:\webstuff\Valium Effort\tab\text\rainy.txt --> ftp.maxguitartab.com /maxguitartab/text rainy.txt
2006.02.23 00:35 A D:\webstuff\Valium Effort\tab\text\rainywish.txt --> ftp.maxguitartab.com /maxguitartab/text rainywish.txt
2006.02.23 00:35 A D:\webstuff\Valium Effort\tab\text\ramblin.txt --> ftp.maxguitartab.com /maxguitartab/text ramblin.txt
2006.02.23 00:35 A D:\webstuff\Valium Effort\tab\text\redhouse.txt --> ftp.maxguitartab.com /maxguitartab/text redhouse.txt
2006.02.23 00:35 A D:\webstuff\Valium Effort\tab\text\reefer.txt --> ftp.maxguitartab.com /maxguitartab/text reefer.txt
2006.02.23 00:35 A D:\webstuff\Valium Effort\tab\text\revolution.txt --> ftp.maxguitartab.com /maxguitartab/text revolution.txt
2006.02.23 00:35 A D:\webstuff\Valium Effort\tab\text\rockme.txt --> ftp.maxguitartab.com /maxguitartab/text rockme.txt
2006.02.23 00:35 A D:\webstuff\Valium Effort\tab\text\rollingstone.txt --> ftp.maxguitartab.com /maxguitartab/text rollingstone.txt
2006.02.23 00:35 A D:\webstuff\Valium Effort\tab\text\rondo.txt --> ftp.maxguitartab.com /maxguitartab/text rondo.txt
2006.02.23 00:35 A D:\webstuff\Valium Effort\tab\text\sandman.txt --> ftp.maxguitartab.com /maxguitartab/text sandman.txt
2006.02.23 00:35 A D:\webstuff\Valium Effort\tab\text\santana.txt --> ftp.maxguitartab.com /maxguitartab/text santana.txt
2006.02.23 00:35 A D:\webstuff\Valium Effort\tab\text\sgtpepper.txt --> ftp.maxguitartab.com /maxguitartab/text sgtpepper.txt
2006.02.23 00:35 A D:\webstuff\Valium Effort\tab\text\sheloves.txt --> ftp.maxguitartab.com /maxguitartab/text sheloves.txt
2006.02.23 00:35 A D:\webstuff\Valium Effort\tab\text\since.txt --> ftp.maxguitartab.com /maxguitartab/text since.txt
2006.02.23 00:35 A D:\webstuff\Valium Effort\tab\text\sirdukebass.txt --> ftp.maxguitartab.com /maxguitartab/text sirdukebass.txt
2006.02.23 00:35 A D:\webstuff\Valium Effort\tab\text\sitting.txt --> ftp.maxguitartab.com /maxguitartab/text sitting.txt
2006.02.23 00:35 A D:\webstuff\Valium Effort\tab\text\something.txt --> ftp.maxguitartab.com /maxguitartab/text something.txt
2006.02.23 00:35 A D:\webstuff\Valium Effort\tab\text\somethingbass.txt --> ftp.maxguitartab.com /maxguitartab/text somethingbass.txt
2006.02.23 00:35 A D:\webstuff\Valium Effort\tab\text\spanish.txt --> ftp.maxguitartab.com /maxguitartab/text spanish.txt
2006.02.23 00:35 A D:\webstuff\Valium Effort\tab\text\srv.txt --> ftp.maxguitartab.com /maxguitartab/text srv.txt
2006.02.23 00:35 A D:\webstuff\Valium Effort\tab\text\stonefree.txt --> ftp.maxguitartab.com /maxguitartab/text stonefree.txt
2006.02.23 00:35 A D:\webstuff\Valium Effort\tab\text\stop.txt --> ftp.maxguitartab.com /maxguitartab/text stop.txt
2006.02.23 00:35 A D:\webstuff\Valium Effort\tab\text\straightahead.txt --> ftp.maxguitartab.com /maxguitartab/text straightahead.txt
2006.02.23 00:35 A D:\webstuff\Valium Effort\tab\text\strawberry.txt --> ftp.maxguitartab.com /maxguitartab/text strawberry.txt
2006.02.23 00:35 A D:\webstuff\Valium Effort\tab\text\stthomas.txt --> ftp.maxguitartab.com /maxguitartab/text stthomas.txt
2006.02.23 00:35 A D:\webstuff\Valium Effort\tab\text\sweetlord.txt --> ftp.maxguitartab.com /maxguitartab/text sweetlord.txt
2006.02.23 00:35 A D:\webstuff\Valium Effort\tab\text\tabprimer.txt --> ftp.maxguitartab.com /maxguitartab/text tabprimer.txt
2006.02.23 00:35 A D:\webstuff\Valium Effort\tab\text\testify.txt --> ftp.maxguitartab.com /maxguitartab/text testify.txt
2006.02.23 00:35 A D:\webstuff\Valium Effort\tab\text\theword.txt --> ftp.maxguitartab.com /maxguitartab/text theword.txt
2006.02.23 00:35 A D:\webstuff\Valium Effort\tab\text\thirdstone.txt --> ftp.maxguitartab.com /maxguitartab/text thirdstone.txt
2006.02.23 00:35 A D:\webstuff\Valium Effort\tab\text\threelilbears.txt --> ftp.maxguitartab.com /maxguitartab/text threelilbears.txt
2006.02.23 00:35 A D:\webstuff\Valium Effort\tab\text\tuna.txt --> ftp.maxguitartab.com /maxguitartab/text tuna.txt
2006.02.23 00:35 A D:\webstuff\Valium Effort\tab\text\tuna2.txt --> ftp.maxguitartab.com /maxguitartab/text tuna2.txt
2006.02.23 00:35 A D:\webstuff\Valium Effort\tab\text\valleys.txt --> ftp.maxguitartab.com /maxguitartab/text valleys.txt
2006.02.23 00:35 A D:\webstuff\Valium Effort\tab\text\villanova.txt --> ftp.maxguitartab.com /maxguitartab/text villanova.txt
2006.02.23 00:35 A D:\webstuff\Valium Effort\tab\text\voodoo.txt --> ftp.maxguitartab.com /maxguitartab/text voodoo.txt
2006.02.23 00:35 A D:\webstuff\Valium Effort\tab\text\voodooslight.txt --> ftp.maxguitartab.com /maxguitartab/text voodooslight.txt
2006.02.23 00:35 A D:\webstuff\Valium Effort\tab\text\wait.txt --> ftp.maxguitartab.com /maxguitartab/text wait.txt
2006.02.23 00:35 A D:\webstuff\Valium Effort\tab\text\wantu2wantme.txt --> ftp.maxguitartab.com /maxguitartab/text wantu2wantme.txt
2006.02.23 00:35 A D:\webstuff\Valium Effort\tab\text\watchtower.txt --> ftp.maxguitartab.com /maxguitartab/text watchtower.txt
2006.02.23 00:35 A D:\webstuff\Valium Effort\tab\text\while.txt --> ftp.maxguitartab.com /maxguitartab/text while.txt
2006.02.23 00:35 A D:\webstuff\Valium Effort\tab\text\whippingpost.txt --> ftp.maxguitartab.com /maxguitartab/text whippingpost.txt
2006.02.23 00:35 A D:\webstuff\Valium Effort\tab\text\whiteroom.txt --> ftp.maxguitartab.com /maxguitartab/text whiteroom.txt
2006.02.23 00:35 A D:\webstuff\Valium Effort\tab\text\wind.txt --> ftp.maxguitartab.com /maxguitartab/text wind.txt
2006.02.23 00:35 A D:\webstuff\Valium Effort\tab\text\WS_FTP.LOG --> ftp.maxguitartab.com /maxguitartab/text WS_FTP.LOG
2006.02.23 00:35 A D:\webstuff\Valium Effort\tab\text\yerblues.txt --> ftp.maxguitartab.com /maxguitartab/text yerblues.txt
2006.02.25 13:16 A D:\webstuff\Valium Effort\tab\text\disclaimer.txt --> ftp.maxguitartab.com /maxguitartab/text disclaimer.txt
2006.02.25 13:18 A D:\webstuff\Valium Effort\tab\text\disclaimer.txt --> ftp.maxguitartab.com /maxguitartab/text disclaimer.txt
2006.02.25 13:19 A D:\webstuff\Valium Effort\tab\text\disclaimer.txt --> ftp.maxguitartab.com /maxguitartab/text disclaimer.txt
2006.02.25 13:21 A D:\webstuff\Valium Effort\tab\text\disclaimer.txt --> ftp.maxguitartab.com /maxguitartab/text disclaimer.txt
2006.02.25 13:23 A D:\webstuff\Valium Effort\tab\text\disclaimer.txt --> ftp.maxguitartab.com /maxguitartab/text disclaimer.txt
2006.07.16 22:40 A d:\webstuff\tab\text\mississippijohnhurt2.txt <-- Max Guitar Tab /maxguitartab/text mississippijohnhurt2.txt
2006.07.16 22:40 A d:\webstuff\tab\text\mississippijohnhurt2.txt <-- Max Guitar Tab /maxguitartab/text mississippijohnhurt2.txt
